<?xml version="1.0" encoding="UTF-8"?>
<robot generator="Robot 6.1.1 (Python 3.6.0 on win32)" generated="20240822 13:44:27.682" rpa="false" schemaversion="4">
<suite id="s1" name="P4" source="D:\python_learning\quest_python\Automation\P4.robot">
<kw name="Open Make My Trip As" type="SETUP">
<kw name="Open Browser" library="SeleniumLibrary">
<arg>browser=chrome</arg>
<doc>Opens a new browser instance to the optional ``url``.</doc>
<msg timestamp="20240822 13:44:28.117" level="INFO">Opening browser 'chrome' to base url 'None'.</msg>
<status status="PASS" starttime="20240822 13:44:28.117" endtime="20240822 13:44:29.828"/>
</kw>
<kw name="Maximize Browser Window" library="SeleniumLibrary">
<doc>Maximizes current browser window.</doc>
<status status="PASS" starttime="20240822 13:44:29.828" endtime="20240822 13:44:29.894"/>
</kw>
<kw name="Go To" library="SeleniumLibrary">
<arg>${urlCustomer}</arg>
<doc>Navigates the current browser window to the provided ``url``.</doc>
<msg timestamp="20240822 13:44:29.895" level="INFO">Opening url 'https://www.makemytrip.com/'</msg>
<status status="PASS" starttime="20240822 13:44:29.894" endtime="20240822 13:44:32.383"/>
</kw>
<kw name="Sleep" library="BuiltIn">
<arg>5s</arg>
<doc>Pauses the test executed for the given time.</doc>
<msg timestamp="20240822 13:44:37.388" level="INFO">Slept 5 seconds</msg>
<status status="PASS" starttime="20240822 13:44:32.383" endtime="20240822 13:44:37.388"/>
</kw>
<kw name="Wait Until Element Is Visible" library="SeleniumLibrary">
<arg>//span[@data-cy="closeModal"]</arg>
<doc>Waits until the element ``locator`` is visible.</doc>
<status status="PASS" starttime="20240822 13:44:37.388" endtime="20240822 13:44:37.440"/>
</kw>
<kw name="Click Element" library="SeleniumLibrary">
<arg>//span[@data-cy="closeModal"]</arg>
<doc>Click the element identified by ``locator``.</doc>
<msg timestamp="20240822 13:44:37.441" level="INFO">Clicking element '//span[@data-cy="closeModal"]'.</msg>
<status status="PASS" starttime="20240822 13:44:37.440" endtime="20240822 13:44:37.613"/>
</kw>
<status status="PASS" starttime="20240822 13:44:28.117" endtime="20240822 13:44:37.613"/>
</kw>
<test id="s1-t1" name="TC-001 Verify Initial toggle to shortest duration" line="18">
<kw name="Search Buses">
<arg>${from}</arg>
<arg>${to}</arg>
<kw name="Split String" library="String">
<var>${day}</var>
<var>${month}</var>
<arg>${date}</arg>
<arg>${SPACE}</arg>
<doc>Splits the ``string`` using ``separator`` as a delimiter string.</doc>
<msg timestamp="20240822 13:44:37.619" level="INFO">${day} = "Today's</msg>
<msg timestamp="20240822 13:44:37.619" level="INFO">${month} = Date"</msg>
<status status="PASS" starttime="20240822 13:44:37.618" endtime="20240822 13:44:37.619"/>
</kw>
<kw name="Wait Until Element Is Visible" library="SeleniumLibrary">
<arg>//li[@class='menu_Buses']</arg>
<doc>Waits until the element ``locator`` is visible.</doc>
<status status="PASS" starttime="20240822 13:44:37.619" endtime="20240822 13:44:37.691"/>
</kw>
<kw name="Click Element" library="SeleniumLibrary">
<arg>//li[@class='menu_Buses']</arg>
<doc>Click the element identified by ``locator``.</doc>
<msg timestamp="20240822 13:44:37.693" level="INFO">Clicking element '//li[@class='menu_Buses']'.</msg>
<status status="PASS" starttime="20240822 13:44:37.691" endtime="20240822 13:44:37.853"/>
</kw>
<kw name="Wait Until Element Is Visible" library="SeleniumLibrary">
<arg>fromCity</arg>
<arg>10s</arg>
<doc>Waits until the element ``locator`` is visible.</doc>
<status status="PASS" starttime="20240822 13:44:37.853" endtime="20240822 13:44:38.144"/>
</kw>
<kw name="Click Element" library="SeleniumLibrary">
<arg>fromCity</arg>
<doc>Click the element identified by ``locator``.</doc>
<msg timestamp="20240822 13:44:38.147" level="INFO">Clicking element 'fromCity'.</msg>
<status status="PASS" starttime="20240822 13:44:38.144" endtime="20240822 13:44:38.309"/>
</kw>
<kw name="Wait Until Element Is Visible" library="SeleniumLibrary">
<arg>//input[@placeholder="From"]</arg>
<arg>10s</arg>
<doc>Waits until the element ``locator`` is visible.</doc>
<status status="PASS" starttime="20240822 13:44:38.310" endtime="20240822 13:44:39.125"/>
</kw>
<kw name="Input Text" library="SeleniumLibrary">
<arg>//input[@placeholder="From"]</arg>
<arg>${from}</arg>
<doc>Types the given ``text`` into the text field identified by ``locator``.</doc>
<msg timestamp="20240822 13:44:39.126" level="INFO">Typing text 'Coimbatore' into text field '//input[@placeholder="From"]'.</msg>
<status status="PASS" starttime="20240822 13:44:39.125" endtime="20240822 13:44:39.302"/>
</kw>
<kw name="Wait Until Element Is Visible" library="SeleniumLibrary">
<arg>//div[contains(@class, 'autosuggest')]//span[contains(text(),'${from},')]</arg>
<doc>Waits until the element ``locator`` is visible.</doc>
<status status="PASS" starttime="20240822 13:44:39.302" endtime="20240822 13:44:40.211"/>
</kw>
<kw name="Click Element" library="SeleniumLibrary">
<arg>//div[contains(@class, 'autosuggest')]//span[contains(text(),'${from},')]</arg>
<doc>Click the element identified by ``locator``.</doc>
<msg timestamp="20240822 13:44:40.212" level="INFO">Clicking element '//div[contains(@class, 'autosuggest')]//span[contains(text(),'Coimbatore,')]'.</msg>
<status status="PASS" starttime="20240822 13:44:40.211" endtime="20240822 13:44:40.310"/>
</kw>
<kw name="Wait Until Element Is Visible" library="SeleniumLibrary">
<arg>toCity</arg>
<arg>10s</arg>
<doc>Waits until the element ``locator`` is visible.</doc>
<status status="PASS" starttime="20240822 13:44:40.310" endtime="20240822 13:44:40.345"/>
</kw>
<kw name="Run Keyword And Ignore Error" library="BuiltIn">
<arg>Click Element</arg>
<arg>toCity</arg>
<doc>Runs the given keyword with the given arguments and ignores possible error.</doc>
<kw name="Click Element" library="SeleniumLibrary">
<arg>toCity</arg>
<doc>Click the element identified by ``locator``.</doc>
<msg timestamp="20240822 13:44:40.345" level="INFO">Clicking element 'toCity'.</msg>
<kw name="Capture Page Screenshot" library="SeleniumLibrary">
<doc>Takes a screenshot of the current page and embeds it into a log file.</doc>
<msg timestamp="20240822 13:44:42.434" level="INFO" html="true">&lt;/td&gt;&lt;/tr&gt;&lt;tr&gt;&lt;td colspan="3"&gt;&lt;a href="selenium-screenshot-9.png"&gt;&lt;img src="selenium-screenshot-9.png" width="800px"&gt;&lt;/a&gt;</msg>
<status status="PASS" starttime="20240822 13:44:41.496" endtime="20240822 13:44:42.434"/>
</kw>
<msg timestamp="20240822 13:44:42.434" level="FAIL">ElementClickInterceptedException: Message: element click intercepted: Element &lt;input id="toCity" data-cy="toCityVal" type="text" class="bussw_inputField font30 latoBlack" readonly="" value="Kanpur, Uttar Pradesh"&gt; is not clickable at point (1095, 296). Other element would receive the click: &lt;input type="text" autocomplete="off" aria-autocomplete="list" aria-controls="react-autowhatever-1" class="react-autosuggest__input react-autosuggest__input--open react-autosuggest__input--focused" placeholder="To" title="To" value=""&gt;
  (Session info: chrome=127.0.6533.120)
</msg>
<status status="FAIL" starttime="20240822 13:44:40.345" endtime="20240822 13:44:42.438"/>
</kw>
<status status="PASS" starttime="20240822 13:44:40.345" endtime="20240822 13:44:42.438"/>
</kw>
<kw name="Wait Until Element Is Visible" library="SeleniumLibrary">
<arg>//input[@placeholder="To"]</arg>
<arg>10s</arg>
<doc>Waits until the element ``locator`` is visible.</doc>
<status status="PASS" starttime="20240822 13:44:42.439" endtime="20240822 13:44:42.476"/>
</kw>
<kw name="Input Text" library="SeleniumLibrary">
<arg>//input[@placeholder="To"]</arg>
<arg>${to}</arg>
<doc>Types the given ``text`` into the text field identified by ``locator``.</doc>
<msg timestamp="20240822 13:44:42.477" level="INFO">Typing text 'Trivandrum' into text field '//input[@placeholder="To"]'.</msg>
<status status="PASS" starttime="20240822 13:44:42.476" endtime="20240822 13:44:42.647"/>
</kw>
<kw name="Wait Until Element Is Visible" library="SeleniumLibrary">
<arg>//div[contains(@class, 'autosuggest')]//span[contains(text(),'${to},') or contains(text(),'(${to}),')]</arg>
<doc>Waits until the element ``locator`` is visible.</doc>
<status status="PASS" starttime="20240822 13:44:42.647" endtime="20240822 13:44:43.130"/>
</kw>
<kw name="Click Element" library="SeleniumLibrary">
<arg>//div[contains(@class, 'autosuggest')]//span[contains(text(),'${to},') or contains(text(),'(${to}),')]</arg>
<doc>Click the element identified by ``locator``.</doc>
<msg timestamp="20240822 13:44:43.131" level="INFO">Clicking element '//div[contains(@class, 'autosuggest')]//span[contains(text(),'Trivandrum,') or contains(text(),'(Trivandrum),')]'.</msg>
<status status="PASS" starttime="20240822 13:44:43.130" endtime="20240822 13:44:43.287"/>
</kw>
<kw name="Wait Until Element Is Visible" library="SeleniumLibrary">
<arg>travelDate</arg>
<arg>10s</arg>
<doc>Waits until the element ``locator`` is visible.</doc>
<status status="PASS" starttime="20240822 13:44:43.287" endtime="20240822 13:44:43.331"/>
</kw>
<kw name="Run Keyword And Ignore Error" library="BuiltIn">
<arg>Click Element</arg>
<arg>travelDate</arg>
<doc>Runs the given keyword with the given arguments and ignores possible error.</doc>
<kw name="Click Element" library="SeleniumLibrary">
<arg>travelDate</arg>
<doc>Click the element identified by ``locator``.</doc>
<msg timestamp="20240822 13:44:43.332" level="INFO">Clicking element 'travelDate'.</msg>
<kw name="Capture Page Screenshot" library="SeleniumLibrary">
<doc>Takes a screenshot of the current page and embeds it into a log file.</doc>
<msg timestamp="20240822 13:44:45.055" level="INFO" html="true">&lt;/td&gt;&lt;/tr&gt;&lt;tr&gt;&lt;td colspan="3"&gt;&lt;a href="selenium-screenshot-10.png"&gt;&lt;img src="selenium-screenshot-10.png" width="800px"&gt;&lt;/a&gt;</msg>
<status status="PASS" starttime="20240822 13:44:44.508" endtime="20240822 13:44:45.055"/>
</kw>
<msg timestamp="20240822 13:44:45.055" level="FAIL">ElementClickInterceptedException: Message: element click intercepted: Element &lt;input id="travelDate" type="text" data-cy="travelDateVal" class="bussw_inputField font20" readonly="" value=""&gt; is not clickable at point (1432, 293). Other element would receive the click: &lt;div class="calHeading makeFlex"&gt;...&lt;/div&gt;
  (Session info: chrome=127.0.6533.120)
</msg>
<status status="FAIL" starttime="20240822 13:44:43.331" endtime="20240822 13:44:45.056"/>
</kw>
<status status="PASS" starttime="20240822 13:44:43.331" endtime="20240822 13:44:45.056"/>
</kw>
<kw name="Set Variable If" library="BuiltIn">
<var>${dateLocator}</var>
<arg>${date}=="Today's Date"</arg>
<arg>//div/ancestor::div[@class='DayPicker-Month']//div[@aria-Selected="true"]</arg>
<arg>//div[contains(text(),'${month}')]/ancestor::div[@class='DayPicker-Month']//div[contains(text(),'${day}')]</arg>
<doc>Sets variable based on the given condition.</doc>
<msg timestamp="20240822 13:44:45.057" level="INFO">${dateLocator} = //div/ancestor::div[@class='DayPicker-Month']//div[@aria-Selected="true"]</msg>
<status status="PASS" starttime="20240822 13:44:45.056" endtime="20240822 13:44:45.057"/>
</kw>
<kw name="Wait Until Element Is Visible" library="SeleniumLibrary">
<arg>${dateLocator}</arg>
<arg>10s</arg>
<doc>Waits until the element ``locator`` is visible.</doc>
<status status="PASS" starttime="20240822 13:44:45.057" endtime="20240822 13:44:45.097"/>
</kw>
<kw name="Click Element" library="SeleniumLibrary">
<arg>${dateLocator}</arg>
<doc>Click the element identified by ``locator``.</doc>
<msg timestamp="20240822 13:44:45.098" level="INFO">Clicking element '//div/ancestor::div[@class='DayPicker-Month']//div[@aria-Selected="true"]'.</msg>
<status status="PASS" starttime="20240822 13:44:45.097" endtime="20240822 13:44:45.197"/>
</kw>
<kw name="Run Keyword And Ignore Error" library="BuiltIn">
<arg>Click Element</arg>
<arg>search_button</arg>
<doc>Runs the given keyword with the given arguments and ignores possible error.</doc>
<kw name="Click Element" library="SeleniumLibrary">
<arg>search_button</arg>
<doc>Click the element identified by ``locator``.</doc>
<msg timestamp="20240822 13:44:45.200" level="INFO">Clicking element 'search_button'.</msg>
<status status="PASS" starttime="20240822 13:44:45.199" endtime="20240822 13:44:47.915"/>
</kw>
<status status="PASS" starttime="20240822 13:44:45.198" endtime="20240822 13:44:47.915"/>
</kw>
<kw name="Wait Until Element Is Visible" library="SeleniumLibrary">
<arg>//div[@class="busListingContainer"]//p[contains(text(),'found')]</arg>
<doc>Waits until the element ``locator`` is visible.</doc>
<status status="PASS" starttime="20240822 13:44:47.916" endtime="20240822 13:44:47.948"/>
</kw>
<status status="PASS" starttime="20240822 13:44:37.617" endtime="20240822 13:44:47.948"/>
</kw>
<kw name="Toggle Fastest Sorting And Validate">
<kw name="Run Keyword And Ignore Error" library="BuiltIn">
<arg>Click Element</arg>
<arg>//div[@id="toggle_buses" and not(contains(@class,'active'))]</arg>
<doc>Runs the given keyword with the given arguments and ignores possible error.</doc>
<kw name="Click Element" library="SeleniumLibrary">
<arg>//div[@id="toggle_buses" and not(contains(@class,'active'))]</arg>
<doc>Click the element identified by ``locator``.</doc>
<msg timestamp="20240822 13:44:47.952" level="INFO">Clicking element '//div[@id="toggle_buses" and not(contains(@class,'active'))]'.</msg>
<status status="PASS" starttime="20240822 13:44:47.952" endtime="20240822 13:44:48.135"/>
</kw>
<status status="PASS" starttime="20240822 13:44:47.951" endtime="20240822 13:44:48.137"/>
</kw>
<kw name="Click Element" library="SeleniumLibrary">
<arg>//div[@class="makeFlex hrtlCenter"]//li[contains(text(), 'Fastest')]</arg>
<doc>Click the element identified by ``locator``.</doc>
<msg timestamp="20240822 13:44:48.137" level="INFO">Clicking element '//div[@class="makeFlex hrtlCenter"]//li[contains(text(), 'Fastest')]'.</msg>
<status status="PASS" starttime="20240822 13:44:48.137" endtime="20240822 13:44:48.273"/>
</kw>
<kw name="Wait Until Buses Are Loaded">
<kw name="Wait Until Element Is Not Visible" library="SeleniumLibrary">
<arg>//div[@class="loader"]</arg>
<arg>timeout=20s</arg>
<doc>Waits until the element ``locator`` is not visible.</doc>
<status status="PASS" starttime="20240822 13:44:48.274" endtime="20240822 13:44:48.293"/>
</kw>
<kw name="Wait Until Element Is Visible" library="SeleniumLibrary">
<arg>//div[@class="busCardContainer "]//div[contains(@class,"makeFlex false")][1]</arg>
<arg>timeout=20s</arg>
<doc>Waits until the element ``locator`` is visible.</doc>
<status status="PASS" starttime="20240822 13:44:48.293" endtime="20240822 13:44:48.324"/>
</kw>
<kw name="Wait Until Page Contains Element" library="SeleniumLibrary">
<arg>//div[contains(@class,'secondaryTxt')]</arg>
<arg>timeout=20s</arg>
<doc>Waits until the element ``locator`` appears on the current page.</doc>
<status status="PASS" starttime="20240822 13:44:48.324" endtime="20240822 13:44:48.346"/>
</kw>
<status status="PASS" starttime="20240822 13:44:48.274" endtime="20240822 13:44:48.346"/>
</kw>
<kw name="Get Bus Durations of KSRTC">
<var>@{durationsofKsrtc}</var>
<kw name="Create List" library="BuiltIn">
<var>${durationsofKsrtc}</var>
<doc>Returns a list containing given items.</doc>
<msg timestamp="20240822 13:44:48.347" level="INFO">${durationsofKsrtc} = []</msg>
<status status="PASS" starttime="20240822 13:44:48.346" endtime="20240822 13:44:48.347"/>
</kw>
<kw name="Wait Until Element Is Visible" library="SeleniumLibrary">
<arg>//p[contains(text(),"KSRTC")]/ancestor::div[@class='makeFlex false']//div[@class='font14 secondaryTxt']</arg>
<doc>Waits until the element ``locator`` is visible.</doc>
<status status="PASS" starttime="20240822 13:44:48.347" endtime="20240822 13:44:48.378"/>
</kw>
<kw name="Get Element Count" library="SeleniumLibrary">
<var>${numberOfBuses}</var>
<arg>//p[contains(text(),"KSRTC")]/ancestor::div[@class='makeFlex false']//div[@class='font14 secondaryTxt']</arg>
<doc>Returns the number of elements matching ``locator``.</doc>
<msg timestamp="20240822 13:44:48.394" level="INFO">${numberOfBuses} = 6</msg>
<status status="PASS" starttime="20240822 13:44:48.378" endtime="20240822 13:44:48.394"/>
</kw>
<kw name="Evaluate" library="BuiltIn">
<var>${numberOfBuses}</var>
<arg>$numberOfBuses+1</arg>
<doc>Evaluates the given expression in Python and returns the result.</doc>
<msg timestamp="20240822 13:44:48.398" level="INFO">${numberOfBuses} = 7</msg>
<status status="PASS" starttime="20240822 13:44:48.394" endtime="20240822 13:44:48.398"/>
</kw>
<for flavor="IN RANGE">
<var>${index}</var>
<value>1</value>
<value>${numberOfBuses}</value>
<iter>
<var name="${index}">1</var>
<kw name="Get Text" library="SeleniumLibrary">
<var>${durationText}</var>
<arg>(//p[contains(text(),"KSRTC")]/ancestor::div[@class='makeFlex false']//div[@class='font14 secondaryTxt'])[${index}]</arg>
<doc>Returns the text value of the element identified by ``locator``.</doc>
<msg timestamp="20240822 13:44:48.432" level="INFO">${durationText} = 08hrs 10mins</msg>
<status status="PASS" starttime="20240822 13:44:48.398" endtime="20240822 13:44:48.432"/>
</kw>
<kw name="Set Variable" library="BuiltIn">
<var>${hours}</var>
<arg>0</arg>
<doc>Returns the given values which can then be assigned to a variables.</doc>
<msg timestamp="20240822 13:44:48.433" level="INFO">${hours} = 0</msg>
<status status="PASS" starttime="20240822 13:44:48.432" endtime="20240822 13:44:48.433"/>
</kw>
<kw name="Set Variable" library="BuiltIn">
<var>${minutes}</var>
<arg>0</arg>
<doc>Returns the given values which can then be assigned to a variables.</doc>
<msg timestamp="20240822 13:44:48.433" level="INFO">${minutes} = 0</msg>
<status status="PASS" starttime="20240822 13:44:48.433" endtime="20240822 13:44:48.433"/>
</kw>
<kw name="Evaluate" library="BuiltIn">
<var>${hoursText}</var>
<arg>'''${durationText}'''.split("hrs")[0].strip()</arg>
<doc>Evaluates the given expression in Python and returns the result.</doc>
<msg timestamp="20240822 13:44:48.433" level="INFO">${hoursText} = 08</msg>
<status status="PASS" starttime="20240822 13:44:48.433" endtime="20240822 13:44:48.433"/>
</kw>
<kw name="Convert To Integer" library="BuiltIn">
<var>${hours}</var>
<arg>${hoursText}</arg>
<doc>Converts the given item to an integer number.</doc>
<msg timestamp="20240822 13:44:48.434" level="INFO">${hours} = 8</msg>
<status status="PASS" starttime="20240822 13:44:48.434" endtime="20240822 13:44:48.434"/>
</kw>
<kw name="Evaluate" library="BuiltIn">
<var>${minutesText}</var>
<arg>'''${durationText}'''.split("hrs")[-1].split("mins")[0].strip()</arg>
<doc>Evaluates the given expression in Python and returns the result.</doc>
<msg timestamp="20240822 13:44:48.434" level="INFO">${minutesText} = 10</msg>
<status status="PASS" starttime="20240822 13:44:48.434" endtime="20240822 13:44:48.434"/>
</kw>
<kw name="Convert To Integer" library="BuiltIn">
<var>${minutes}</var>
<arg>${minutesText}</arg>
<doc>Converts the given item to an integer number.</doc>
<msg timestamp="20240822 13:44:48.435" level="INFO">${minutes} = 10</msg>
<status status="PASS" starttime="20240822 13:44:48.435" endtime="20240822 13:44:48.435"/>
</kw>
<kw name="Evaluate" library="BuiltIn">
<var>${totalDuration}</var>
<arg>(${hours}*60) + ${minutes}</arg>
<doc>Evaluates the given expression in Python and returns the result.</doc>
<msg timestamp="20240822 13:44:48.436" level="INFO">${totalDuration} = 490</msg>
<status status="PASS" starttime="20240822 13:44:48.435" endtime="20240822 13:44:48.436"/>
</kw>
<kw name="Append To List" library="Collections">
<arg>${durationsofKsrtc}</arg>
<arg>${totalDuration}</arg>
<doc>Adds ``values`` to the end of ``list``.</doc>
<status status="PASS" starttime="20240822 13:44:48.436" endtime="20240822 13:44:48.436"/>
</kw>
<status status="PASS" starttime="20240822 13:44:48.398" endtime="20240822 13:44:48.436"/>
</iter>
<iter>
<var name="${index}">2</var>
<kw name="Get Text" library="SeleniumLibrary">
<var>${durationText}</var>
<arg>(//p[contains(text(),"KSRTC")]/ancestor::div[@class='makeFlex false']//div[@class='font14 secondaryTxt'])[${index}]</arg>
<doc>Returns the text value of the element identified by ``locator``.</doc>
<msg timestamp="20240822 13:44:48.465" level="INFO">${durationText} = 10hrs 35mins</msg>
<status status="PASS" starttime="20240822 13:44:48.436" endtime="20240822 13:44:48.465"/>
</kw>
<kw name="Set Variable" library="BuiltIn">
<var>${hours}</var>
<arg>0</arg>
<doc>Returns the given values which can then be assigned to a variables.</doc>
<msg timestamp="20240822 13:44:48.466" level="INFO">${hours} = 0</msg>
<status status="PASS" starttime="20240822 13:44:48.465" endtime="20240822 13:44:48.466"/>
</kw>
<kw name="Set Variable" library="BuiltIn">
<var>${minutes}</var>
<arg>0</arg>
<doc>Returns the given values which can then be assigned to a variables.</doc>
<msg timestamp="20240822 13:44:48.466" level="INFO">${minutes} = 0</msg>
<status status="PASS" starttime="20240822 13:44:48.466" endtime="20240822 13:44:48.466"/>
</kw>
<kw name="Evaluate" library="BuiltIn">
<var>${hoursText}</var>
<arg>'''${durationText}'''.split("hrs")[0].strip()</arg>
<doc>Evaluates the given expression in Python and returns the result.</doc>
<msg timestamp="20240822 13:44:48.468" level="INFO">${hoursText} = 10</msg>
<status status="PASS" starttime="20240822 13:44:48.468" endtime="20240822 13:44:48.468"/>
</kw>
<kw name="Convert To Integer" library="BuiltIn">
<var>${hours}</var>
<arg>${hoursText}</arg>
<doc>Converts the given item to an integer number.</doc>
<msg timestamp="20240822 13:44:48.469" level="INFO">${hours} = 10</msg>
<status status="PASS" starttime="20240822 13:44:48.468" endtime="20240822 13:44:48.469"/>
</kw>
<kw name="Evaluate" library="BuiltIn">
<var>${minutesText}</var>
<arg>'''${durationText}'''.split("hrs")[-1].split("mins")[0].strip()</arg>
<doc>Evaluates the given expression in Python and returns the result.</doc>
<msg timestamp="20240822 13:44:48.469" level="INFO">${minutesText} = 35</msg>
<status status="PASS" starttime="20240822 13:44:48.469" endtime="20240822 13:44:48.469"/>
</kw>
<kw name="Convert To Integer" library="BuiltIn">
<var>${minutes}</var>
<arg>${minutesText}</arg>
<doc>Converts the given item to an integer number.</doc>
<msg timestamp="20240822 13:44:48.470" level="INFO">${minutes} = 35</msg>
<status status="PASS" starttime="20240822 13:44:48.469" endtime="20240822 13:44:48.470"/>
</kw>
<kw name="Evaluate" library="BuiltIn">
<var>${totalDuration}</var>
<arg>(${hours}*60) + ${minutes}</arg>
<doc>Evaluates the given expression in Python and returns the result.</doc>
<msg timestamp="20240822 13:44:48.471" level="INFO">${totalDuration} = 635</msg>
<status status="PASS" starttime="20240822 13:44:48.470" endtime="20240822 13:44:48.471"/>
</kw>
<kw name="Append To List" library="Collections">
<arg>${durationsofKsrtc}</arg>
<arg>${totalDuration}</arg>
<doc>Adds ``values`` to the end of ``list``.</doc>
<status status="PASS" starttime="20240822 13:44:48.471" endtime="20240822 13:44:48.471"/>
</kw>
<status status="PASS" starttime="20240822 13:44:48.436" endtime="20240822 13:44:48.472"/>
</iter>
<iter>
<var name="${index}">3</var>
<kw name="Get Text" library="SeleniumLibrary">
<var>${durationText}</var>
<arg>(//p[contains(text(),"KSRTC")]/ancestor::div[@class='makeFlex false']//div[@class='font14 secondaryTxt'])[${index}]</arg>
<doc>Returns the text value of the element identified by ``locator``.</doc>
<msg timestamp="20240822 13:44:48.499" level="INFO">${durationText} = 10hrs 56mins</msg>
<status status="PASS" starttime="20240822 13:44:48.472" endtime="20240822 13:44:48.499"/>
</kw>
<kw name="Set Variable" library="BuiltIn">
<var>${hours}</var>
<arg>0</arg>
<doc>Returns the given values which can then be assigned to a variables.</doc>
<msg timestamp="20240822 13:44:48.500" level="INFO">${hours} = 0</msg>
<status status="PASS" starttime="20240822 13:44:48.499" endtime="20240822 13:44:48.500"/>
</kw>
<kw name="Set Variable" library="BuiltIn">
<var>${minutes}</var>
<arg>0</arg>
<doc>Returns the given values which can then be assigned to a variables.</doc>
<msg timestamp="20240822 13:44:48.500" level="INFO">${minutes} = 0</msg>
<status status="PASS" starttime="20240822 13:44:48.500" endtime="20240822 13:44:48.500"/>
</kw>
<kw name="Evaluate" library="BuiltIn">
<var>${hoursText}</var>
<arg>'''${durationText}'''.split("hrs")[0].strip()</arg>
<doc>Evaluates the given expression in Python and returns the result.</doc>
<msg timestamp="20240822 13:44:48.501" level="INFO">${hoursText} = 10</msg>
<status status="PASS" starttime="20240822 13:44:48.501" endtime="20240822 13:44:48.501"/>
</kw>
<kw name="Convert To Integer" library="BuiltIn">
<var>${hours}</var>
<arg>${hoursText}</arg>
<doc>Converts the given item to an integer number.</doc>
<msg timestamp="20240822 13:44:48.502" level="INFO">${hours} = 10</msg>
<status status="PASS" starttime="20240822 13:44:48.501" endtime="20240822 13:44:48.502"/>
</kw>
<kw name="Evaluate" library="BuiltIn">
<var>${minutesText}</var>
<arg>'''${durationText}'''.split("hrs")[-1].split("mins")[0].strip()</arg>
<doc>Evaluates the given expression in Python and returns the result.</doc>
<msg timestamp="20240822 13:44:48.502" level="INFO">${minutesText} = 56</msg>
<status status="PASS" starttime="20240822 13:44:48.502" endtime="20240822 13:44:48.502"/>
</kw>
<kw name="Convert To Integer" library="BuiltIn">
<var>${minutes}</var>
<arg>${minutesText}</arg>
<doc>Converts the given item to an integer number.</doc>
<msg timestamp="20240822 13:44:48.502" level="INFO">${minutes} = 56</msg>
<status status="PASS" starttime="20240822 13:44:48.502" endtime="20240822 13:44:48.503"/>
</kw>
<kw name="Evaluate" library="BuiltIn">
<var>${totalDuration}</var>
<arg>(${hours}*60) + ${minutes}</arg>
<doc>Evaluates the given expression in Python and returns the result.</doc>
<msg timestamp="20240822 13:44:48.503" level="INFO">${totalDuration} = 656</msg>
<status status="PASS" starttime="20240822 13:44:48.503" endtime="20240822 13:44:48.503"/>
</kw>
<kw name="Append To List" library="Collections">
<arg>${durationsofKsrtc}</arg>
<arg>${totalDuration}</arg>
<doc>Adds ``values`` to the end of ``list``.</doc>
<status status="PASS" starttime="20240822 13:44:48.503" endtime="20240822 13:44:48.504"/>
</kw>
<status status="PASS" starttime="20240822 13:44:48.472" endtime="20240822 13:44:48.504"/>
</iter>
<iter>
<var name="${index}">4</var>
<kw name="Get Text" library="SeleniumLibrary">
<var>${durationText}</var>
<arg>(//p[contains(text(),"KSRTC")]/ancestor::div[@class='makeFlex false']//div[@class='font14 secondaryTxt'])[${index}]</arg>
<doc>Returns the text value of the element identified by ``locator``.</doc>
<msg timestamp="20240822 13:44:48.532" level="INFO">${durationText} = 11hrs 30mins</msg>
<status status="PASS" starttime="20240822 13:44:48.504" endtime="20240822 13:44:48.533"/>
</kw>
<kw name="Set Variable" library="BuiltIn">
<var>${hours}</var>
<arg>0</arg>
<doc>Returns the given values which can then be assigned to a variables.</doc>
<msg timestamp="20240822 13:44:48.533" level="INFO">${hours} = 0</msg>
<status status="PASS" starttime="20240822 13:44:48.533" endtime="20240822 13:44:48.533"/>
</kw>
<kw name="Set Variable" library="BuiltIn">
<var>${minutes}</var>
<arg>0</arg>
<doc>Returns the given values which can then be assigned to a variables.</doc>
<msg timestamp="20240822 13:44:48.533" level="INFO">${minutes} = 0</msg>
<status status="PASS" starttime="20240822 13:44:48.533" endtime="20240822 13:44:48.533"/>
</kw>
<kw name="Evaluate" library="BuiltIn">
<var>${hoursText}</var>
<arg>'''${durationText}'''.split("hrs")[0].strip()</arg>
<doc>Evaluates the given expression in Python and returns the result.</doc>
<msg timestamp="20240822 13:44:48.534" level="INFO">${hoursText} = 11</msg>
<status status="PASS" starttime="20240822 13:44:48.533" endtime="20240822 13:44:48.534"/>
</kw>
<kw name="Convert To Integer" library="BuiltIn">
<var>${hours}</var>
<arg>${hoursText}</arg>
<doc>Converts the given item to an integer number.</doc>
<msg timestamp="20240822 13:44:48.535" level="INFO">${hours} = 11</msg>
<status status="PASS" starttime="20240822 13:44:48.535" endtime="20240822 13:44:48.535"/>
</kw>
<kw name="Evaluate" library="BuiltIn">
<var>${minutesText}</var>
<arg>'''${durationText}'''.split("hrs")[-1].split("mins")[0].strip()</arg>
<doc>Evaluates the given expression in Python and returns the result.</doc>
<msg timestamp="20240822 13:44:48.535" level="INFO">${minutesText} = 30</msg>
<status status="PASS" starttime="20240822 13:44:48.535" endtime="20240822 13:44:48.535"/>
</kw>
<kw name="Convert To Integer" library="BuiltIn">
<var>${minutes}</var>
<arg>${minutesText}</arg>
<doc>Converts the given item to an integer number.</doc>
<msg timestamp="20240822 13:44:48.536" level="INFO">${minutes} = 30</msg>
<status status="PASS" starttime="20240822 13:44:48.535" endtime="20240822 13:44:48.536"/>
</kw>
<kw name="Evaluate" library="BuiltIn">
<var>${totalDuration}</var>
<arg>(${hours}*60) + ${minutes}</arg>
<doc>Evaluates the given expression in Python and returns the result.</doc>
<msg timestamp="20240822 13:44:48.537" level="INFO">${totalDuration} = 690</msg>
<status status="PASS" starttime="20240822 13:44:48.536" endtime="20240822 13:44:48.537"/>
</kw>
<kw name="Append To List" library="Collections">
<arg>${durationsofKsrtc}</arg>
<arg>${totalDuration}</arg>
<doc>Adds ``values`` to the end of ``list``.</doc>
<status status="PASS" starttime="20240822 13:44:48.537" endtime="20240822 13:44:48.537"/>
</kw>
<status status="PASS" starttime="20240822 13:44:48.504" endtime="20240822 13:44:48.537"/>
</iter>
<iter>
<var name="${index}">5</var>
<kw name="Get Text" library="SeleniumLibrary">
<var>${durationText}</var>
<arg>(//p[contains(text(),"KSRTC")]/ancestor::div[@class='makeFlex false']//div[@class='font14 secondaryTxt'])[${index}]</arg>
<doc>Returns the text value of the element identified by ``locator``.</doc>
<msg timestamp="20240822 13:44:48.569" level="INFO">${durationText} = 11hrs 35mins</msg>
<status status="PASS" starttime="20240822 13:44:48.537" endtime="20240822 13:44:48.569"/>
</kw>
<kw name="Set Variable" library="BuiltIn">
<var>${hours}</var>
<arg>0</arg>
<doc>Returns the given values which can then be assigned to a variables.</doc>
<msg timestamp="20240822 13:44:48.570" level="INFO">${hours} = 0</msg>
<status status="PASS" starttime="20240822 13:44:48.569" endtime="20240822 13:44:48.570"/>
</kw>
<kw name="Set Variable" library="BuiltIn">
<var>${minutes}</var>
<arg>0</arg>
<doc>Returns the given values which can then be assigned to a variables.</doc>
<msg timestamp="20240822 13:44:48.570" level="INFO">${minutes} = 0</msg>
<status status="PASS" starttime="20240822 13:44:48.570" endtime="20240822 13:44:48.570"/>
</kw>
<kw name="Evaluate" library="BuiltIn">
<var>${hoursText}</var>
<arg>'''${durationText}'''.split("hrs")[0].strip()</arg>
<doc>Evaluates the given expression in Python and returns the result.</doc>
<msg timestamp="20240822 13:44:48.571" level="INFO">${hoursText} = 11</msg>
<status status="PASS" starttime="20240822 13:44:48.570" endtime="20240822 13:44:48.571"/>
</kw>
<kw name="Convert To Integer" library="BuiltIn">
<var>${hours}</var>
<arg>${hoursText}</arg>
<doc>Converts the given item to an integer number.</doc>
<msg timestamp="20240822 13:44:48.572" level="INFO">${hours} = 11</msg>
<status status="PASS" starttime="20240822 13:44:48.571" endtime="20240822 13:44:48.572"/>
</kw>
<kw name="Evaluate" library="BuiltIn">
<var>${minutesText}</var>
<arg>'''${durationText}'''.split("hrs")[-1].split("mins")[0].strip()</arg>
<doc>Evaluates the given expression in Python and returns the result.</doc>
<msg timestamp="20240822 13:44:48.572" level="INFO">${minutesText} = 35</msg>
<status status="PASS" starttime="20240822 13:44:48.572" endtime="20240822 13:44:48.572"/>
</kw>
<kw name="Convert To Integer" library="BuiltIn">
<var>${minutes}</var>
<arg>${minutesText}</arg>
<doc>Converts the given item to an integer number.</doc>
<msg timestamp="20240822 13:44:48.573" level="INFO">${minutes} = 35</msg>
<status status="PASS" starttime="20240822 13:44:48.572" endtime="20240822 13:44:48.573"/>
</kw>
<kw name="Evaluate" library="BuiltIn">
<var>${totalDuration}</var>
<arg>(${hours}*60) + ${minutes}</arg>
<doc>Evaluates the given expression in Python and returns the result.</doc>
<msg timestamp="20240822 13:44:48.573" level="INFO">${totalDuration} = 695</msg>
<status status="PASS" starttime="20240822 13:44:48.573" endtime="20240822 13:44:48.573"/>
</kw>
<kw name="Append To List" library="Collections">
<arg>${durationsofKsrtc}</arg>
<arg>${totalDuration}</arg>
<doc>Adds ``values`` to the end of ``list``.</doc>
<status status="PASS" starttime="20240822 13:44:48.574" endtime="20240822 13:44:48.574"/>
</kw>
<status status="PASS" starttime="20240822 13:44:48.537" endtime="20240822 13:44:48.574"/>
</iter>
<iter>
<var name="${index}">6</var>
<kw name="Get Text" library="SeleniumLibrary">
<var>${durationText}</var>
<arg>(//p[contains(text(),"KSRTC")]/ancestor::div[@class='makeFlex false']//div[@class='font14 secondaryTxt'])[${index}]</arg>
<doc>Returns the text value of the element identified by ``locator``.</doc>
<msg timestamp="20240822 13:44:48.609" level="INFO">${durationText} = 11hrs 40mins</msg>
<status status="PASS" starttime="20240822 13:44:48.574" endtime="20240822 13:44:48.609"/>
</kw>
<kw name="Set Variable" library="BuiltIn">
<var>${hours}</var>
<arg>0</arg>
<doc>Returns the given values which can then be assigned to a variables.</doc>
<msg timestamp="20240822 13:44:48.610" level="INFO">${hours} = 0</msg>
<status status="PASS" starttime="20240822 13:44:48.610" endtime="20240822 13:44:48.610"/>
</kw>
<kw name="Set Variable" library="BuiltIn">
<var>${minutes}</var>
<arg>0</arg>
<doc>Returns the given values which can then be assigned to a variables.</doc>
<msg timestamp="20240822 13:44:48.610" level="INFO">${minutes} = 0</msg>
<status status="PASS" starttime="20240822 13:44:48.610" endtime="20240822 13:44:48.610"/>
</kw>
<kw name="Evaluate" library="BuiltIn">
<var>${hoursText}</var>
<arg>'''${durationText}'''.split("hrs")[0].strip()</arg>
<doc>Evaluates the given expression in Python and returns the result.</doc>
<msg timestamp="20240822 13:44:48.611" level="INFO">${hoursText} = 11</msg>
<status status="PASS" starttime="20240822 13:44:48.610" endtime="20240822 13:44:48.611"/>
</kw>
<kw name="Convert To Integer" library="BuiltIn">
<var>${hours}</var>
<arg>${hoursText}</arg>
<doc>Converts the given item to an integer number.</doc>
<msg timestamp="20240822 13:44:48.611" level="INFO">${hours} = 11</msg>
<status status="PASS" starttime="20240822 13:44:48.611" endtime="20240822 13:44:48.611"/>
</kw>
<kw name="Evaluate" library="BuiltIn">
<var>${minutesText}</var>
<arg>'''${durationText}'''.split("hrs")[-1].split("mins")[0].strip()</arg>
<doc>Evaluates the given expression in Python and returns the result.</doc>
<msg timestamp="20240822 13:44:48.611" level="INFO">${minutesText} = 40</msg>
<status status="PASS" starttime="20240822 13:44:48.611" endtime="20240822 13:44:48.611"/>
</kw>
<kw name="Convert To Integer" library="BuiltIn">
<var>${minutes}</var>
<arg>${minutesText}</arg>
<doc>Converts the given item to an integer number.</doc>
<msg timestamp="20240822 13:44:48.612" level="INFO">${minutes} = 40</msg>
<status status="PASS" starttime="20240822 13:44:48.611" endtime="20240822 13:44:48.612"/>
</kw>
<kw name="Evaluate" library="BuiltIn">
<var>${totalDuration}</var>
<arg>(${hours}*60) + ${minutes}</arg>
<doc>Evaluates the given expression in Python and returns the result.</doc>
<msg timestamp="20240822 13:44:48.613" level="INFO">${totalDuration} = 700</msg>
<status status="PASS" starttime="20240822 13:44:48.612" endtime="20240822 13:44:48.613"/>
</kw>
<kw name="Append To List" library="Collections">
<arg>${durationsofKsrtc}</arg>
<arg>${totalDuration}</arg>
<doc>Adds ``values`` to the end of ``list``.</doc>
<status status="PASS" starttime="20240822 13:44:48.613" endtime="20240822 13:44:48.613"/>
</kw>
<status status="PASS" starttime="20240822 13:44:48.574" endtime="20240822 13:44:48.613"/>
</iter>
<status status="PASS" starttime="20240822 13:44:48.398" endtime="20240822 13:44:48.613"/>
</for>
<kw name="Log" library="BuiltIn">
<arg>KSRTC Durations: ${durationsofKsrtc}</arg>
<doc>Logs the given message with the given level.</doc>
<msg timestamp="20240822 13:44:48.613" level="INFO">KSRTC Durations: [490, 635, 656, 690, 695, 700]</msg>
<status status="PASS" starttime="20240822 13:44:48.613" endtime="20240822 13:44:48.614"/>
</kw>
<msg timestamp="20240822 13:44:48.614" level="INFO">@{durationsofKsrtc} = [ 490 | 635 | 656 | 690 | 695 | 700 ]</msg>
<status status="PASS" starttime="20240822 13:44:48.346" endtime="20240822 13:44:48.614"/>
</kw>
<kw name="Log" library="BuiltIn">
<arg>:${durationsofKsrtc}</arg>
<doc>Logs the given message with the given level.</doc>
<msg timestamp="20240822 13:44:48.614" level="INFO">:[490, 635, 656, 690, 695, 700]</msg>
<status status="PASS" starttime="20240822 13:44:48.614" endtime="20240822 13:44:48.614"/>
</kw>
<kw name="Get Bus Durations of Private">
<var>@{durationsofPrivate}</var>
<kw name="Create List" library="BuiltIn">
<var>${durationsofPrivate}</var>
<doc>Returns a list containing given items.</doc>
<msg timestamp="20240822 13:44:48.614" level="INFO">${durationsofPrivate} = []</msg>
<status status="PASS" starttime="20240822 13:44:48.614" endtime="20240822 13:44:48.614"/>
</kw>
<kw name="Wait Until Element Is Visible" library="SeleniumLibrary">
<arg>//div[@class="rtcEnd"]/following-sibling::div[@class='busCardContainer ']//div[@class="font14 secondaryTxt"]</arg>
<doc>Waits until the element ``locator`` is visible.</doc>
<status status="PASS" starttime="20240822 13:44:48.614" endtime="20240822 13:44:48.650"/>
</kw>
<kw name="Get Element Count" library="SeleniumLibrary">
<var>${numberOfBuses}</var>
<arg>//div[@class="rtcEnd"]/following-sibling::div[@class='busCardContainer ']//div[@class="font14 secondaryTxt"]</arg>
<doc>Returns the number of elements matching ``locator``.</doc>
<msg timestamp="20240822 13:44:48.665" level="INFO">${numberOfBuses} = 8</msg>
<status status="PASS" starttime="20240822 13:44:48.652" endtime="20240822 13:44:48.665"/>
</kw>
<kw name="Evaluate" library="BuiltIn">
<var>${numberOfBuses}</var>
<arg>$numberOfBuses+1</arg>
<doc>Evaluates the given expression in Python and returns the result.</doc>
<msg timestamp="20240822 13:44:48.666" level="INFO">${numberOfBuses} = 9</msg>
<status status="PASS" starttime="20240822 13:44:48.666" endtime="20240822 13:44:48.666"/>
</kw>
<for flavor="IN RANGE">
<var>${index}</var>
<value>1</value>
<value>${numberOfBuses}</value>
<iter>
<var name="${index}">1</var>
<kw name="Get Text" library="SeleniumLibrary">
<var>${durationText}</var>
<arg>(//div[@class="rtcEnd"]/following-sibling::div[@class='busCardContainer ']//div[@class="font14 secondaryTxt"])[${index}]</arg>
<doc>Returns the text value of the element identified by ``locator``.</doc>
<msg timestamp="20240822 13:44:48.703" level="INFO">${durationText} = 07hrs 30mins</msg>
<status status="PASS" starttime="20240822 13:44:48.667" endtime="20240822 13:44:48.703"/>
</kw>
<kw name="Set Variable" library="BuiltIn">
<var>${hours}</var>
<arg>0</arg>
<doc>Returns the given values which can then be assigned to a variables.</doc>
<msg timestamp="20240822 13:44:48.704" level="INFO">${hours} = 0</msg>
<status status="PASS" starttime="20240822 13:44:48.703" endtime="20240822 13:44:48.704"/>
</kw>
<kw name="Set Variable" library="BuiltIn">
<var>${minutes}</var>
<arg>0</arg>
<doc>Returns the given values which can then be assigned to a variables.</doc>
<msg timestamp="20240822 13:44:48.704" level="INFO">${minutes} = 0</msg>
<status status="PASS" starttime="20240822 13:44:48.704" endtime="20240822 13:44:48.704"/>
</kw>
<kw name="Evaluate" library="BuiltIn">
<var>${hoursText}</var>
<arg>'''${durationText}'''.split("hrs")[0].strip()</arg>
<doc>Evaluates the given expression in Python and returns the result.</doc>
<msg timestamp="20240822 13:44:48.705" level="INFO">${hoursText} = 07</msg>
<status status="PASS" starttime="20240822 13:44:48.705" endtime="20240822 13:44:48.705"/>
</kw>
<kw name="Convert To Integer" library="BuiltIn">
<var>${hours}</var>
<arg>${hoursText}</arg>
<doc>Converts the given item to an integer number.</doc>
<msg timestamp="20240822 13:44:48.706" level="INFO">${hours} = 7</msg>
<status status="PASS" starttime="20240822 13:44:48.706" endtime="20240822 13:44:48.706"/>
</kw>
<kw name="Evaluate" library="BuiltIn">
<var>${minutesText}</var>
<arg>'''${durationText}'''.split("hrs")[-1].split("mins")[0].strip()</arg>
<doc>Evaluates the given expression in Python and returns the result.</doc>
<msg timestamp="20240822 13:44:48.707" level="INFO">${minutesText} = 30</msg>
<status status="PASS" starttime="20240822 13:44:48.706" endtime="20240822 13:44:48.707"/>
</kw>
<kw name="Convert To Integer" library="BuiltIn">
<var>${minutes}</var>
<arg>${minutesText}</arg>
<doc>Converts the given item to an integer number.</doc>
<msg timestamp="20240822 13:44:48.708" level="INFO">${minutes} = 30</msg>
<status status="PASS" starttime="20240822 13:44:48.707" endtime="20240822 13:44:48.708"/>
</kw>
<kw name="Evaluate" library="BuiltIn">
<var>${totalDuration}</var>
<arg>(${hours}*60) + ${minutes}</arg>
<doc>Evaluates the given expression in Python and returns the result.</doc>
<msg timestamp="20240822 13:44:48.709" level="INFO">${totalDuration} = 450</msg>
<status status="PASS" starttime="20240822 13:44:48.708" endtime="20240822 13:44:48.709"/>
</kw>
<kw name="Append To List" library="Collections">
<arg>${durationsofPrivate}</arg>
<arg>${totalDuration}</arg>
<doc>Adds ``values`` to the end of ``list``.</doc>
<status status="PASS" starttime="20240822 13:44:48.709" endtime="20240822 13:44:48.710"/>
</kw>
<status status="PASS" starttime="20240822 13:44:48.667" endtime="20240822 13:44:48.710"/>
</iter>
<iter>
<var name="${index}">2</var>
<kw name="Get Text" library="SeleniumLibrary">
<var>${durationText}</var>
<arg>(//div[@class="rtcEnd"]/following-sibling::div[@class='busCardContainer ']//div[@class="font14 secondaryTxt"])[${index}]</arg>
<doc>Returns the text value of the element identified by ``locator``.</doc>
<msg timestamp="20240822 13:44:48.749" level="INFO">${durationText} = 07hrs 45mins</msg>
<status status="PASS" starttime="20240822 13:44:48.711" endtime="20240822 13:44:48.749"/>
</kw>
<kw name="Set Variable" library="BuiltIn">
<var>${hours}</var>
<arg>0</arg>
<doc>Returns the given values which can then be assigned to a variables.</doc>
<msg timestamp="20240822 13:44:48.749" level="INFO">${hours} = 0</msg>
<status status="PASS" starttime="20240822 13:44:48.749" endtime="20240822 13:44:48.749"/>
</kw>
<kw name="Set Variable" library="BuiltIn">
<var>${minutes}</var>
<arg>0</arg>
<doc>Returns the given values which can then be assigned to a variables.</doc>
<msg timestamp="20240822 13:44:48.749" level="INFO">${minutes} = 0</msg>
<status status="PASS" starttime="20240822 13:44:48.749" endtime="20240822 13:44:48.749"/>
</kw>
<kw name="Evaluate" library="BuiltIn">
<var>${hoursText}</var>
<arg>'''${durationText}'''.split("hrs")[0].strip()</arg>
<doc>Evaluates the given expression in Python and returns the result.</doc>
<msg timestamp="20240822 13:44:48.750" level="INFO">${hoursText} = 07</msg>
<status status="PASS" starttime="20240822 13:44:48.749" endtime="20240822 13:44:48.750"/>
</kw>
<kw name="Convert To Integer" library="BuiltIn">
<var>${hours}</var>
<arg>${hoursText}</arg>
<doc>Converts the given item to an integer number.</doc>
<msg timestamp="20240822 13:44:48.751" level="INFO">${hours} = 7</msg>
<status status="PASS" starttime="20240822 13:44:48.750" endtime="20240822 13:44:48.751"/>
</kw>
<kw name="Evaluate" library="BuiltIn">
<var>${minutesText}</var>
<arg>'''${durationText}'''.split("hrs")[-1].split("mins")[0].strip()</arg>
<doc>Evaluates the given expression in Python and returns the result.</doc>
<msg timestamp="20240822 13:44:48.752" level="INFO">${minutesText} = 45</msg>
<status status="PASS" starttime="20240822 13:44:48.751" endtime="20240822 13:44:48.752"/>
</kw>
<kw name="Convert To Integer" library="BuiltIn">
<var>${minutes}</var>
<arg>${minutesText}</arg>
<doc>Converts the given item to an integer number.</doc>
<msg timestamp="20240822 13:44:48.753" level="INFO">${minutes} = 45</msg>
<status status="PASS" starttime="20240822 13:44:48.752" endtime="20240822 13:44:48.753"/>
</kw>
<kw name="Evaluate" library="BuiltIn">
<var>${totalDuration}</var>
<arg>(${hours}*60) + ${minutes}</arg>
<doc>Evaluates the given expression in Python and returns the result.</doc>
<msg timestamp="20240822 13:44:48.754" level="INFO">${totalDuration} = 465</msg>
<status status="PASS" starttime="20240822 13:44:48.753" endtime="20240822 13:44:48.754"/>
</kw>
<kw name="Append To List" library="Collections">
<arg>${durationsofPrivate}</arg>
<arg>${totalDuration}</arg>
<doc>Adds ``values`` to the end of ``list``.</doc>
<status status="PASS" starttime="20240822 13:44:48.754" endtime="20240822 13:44:48.755"/>
</kw>
<status status="PASS" starttime="20240822 13:44:48.710" endtime="20240822 13:44:48.755"/>
</iter>
<iter>
<var name="${index}">3</var>
<kw name="Get Text" library="SeleniumLibrary">
<var>${durationText}</var>
<arg>(//div[@class="rtcEnd"]/following-sibling::div[@class='busCardContainer ']//div[@class="font14 secondaryTxt"])[${index}]</arg>
<doc>Returns the text value of the element identified by ``locator``.</doc>
<msg timestamp="20240822 13:44:48.784" level="INFO">${durationText} = 07hrs 55mins</msg>
<status status="PASS" starttime="20240822 13:44:48.755" endtime="20240822 13:44:48.784"/>
</kw>
<kw name="Set Variable" library="BuiltIn">
<var>${hours}</var>
<arg>0</arg>
<doc>Returns the given values which can then be assigned to a variables.</doc>
<msg timestamp="20240822 13:44:48.785" level="INFO">${hours} = 0</msg>
<status status="PASS" starttime="20240822 13:44:48.784" endtime="20240822 13:44:48.785"/>
</kw>
<kw name="Set Variable" library="BuiltIn">
<var>${minutes}</var>
<arg>0</arg>
<doc>Returns the given values which can then be assigned to a variables.</doc>
<msg timestamp="20240822 13:44:48.785" level="INFO">${minutes} = 0</msg>
<status status="PASS" starttime="20240822 13:44:48.785" endtime="20240822 13:44:48.785"/>
</kw>
<kw name="Evaluate" library="BuiltIn">
<var>${hoursText}</var>
<arg>'''${durationText}'''.split("hrs")[0].strip()</arg>
<doc>Evaluates the given expression in Python and returns the result.</doc>
<msg timestamp="20240822 13:44:48.786" level="INFO">${hoursText} = 07</msg>
<status status="PASS" starttime="20240822 13:44:48.786" endtime="20240822 13:44:48.786"/>
</kw>
<kw name="Convert To Integer" library="BuiltIn">
<var>${hours}</var>
<arg>${hoursText}</arg>
<doc>Converts the given item to an integer number.</doc>
<msg timestamp="20240822 13:44:48.787" level="INFO">${hours} = 7</msg>
<status status="PASS" starttime="20240822 13:44:48.786" endtime="20240822 13:44:48.787"/>
</kw>
<kw name="Evaluate" library="BuiltIn">
<var>${minutesText}</var>
<arg>'''${durationText}'''.split("hrs")[-1].split("mins")[0].strip()</arg>
<doc>Evaluates the given expression in Python and returns the result.</doc>
<msg timestamp="20240822 13:44:48.787" level="INFO">${minutesText} = 55</msg>
<status status="PASS" starttime="20240822 13:44:48.787" endtime="20240822 13:44:48.787"/>
</kw>
<kw name="Convert To Integer" library="BuiltIn">
<var>${minutes}</var>
<arg>${minutesText}</arg>
<doc>Converts the given item to an integer number.</doc>
<msg timestamp="20240822 13:44:48.788" level="INFO">${minutes} = 55</msg>
<status status="PASS" starttime="20240822 13:44:48.788" endtime="20240822 13:44:48.788"/>
</kw>
<kw name="Evaluate" library="BuiltIn">
<var>${totalDuration}</var>
<arg>(${hours}*60) + ${minutes}</arg>
<doc>Evaluates the given expression in Python and returns the result.</doc>
<msg timestamp="20240822 13:44:48.788" level="INFO">${totalDuration} = 475</msg>
<status status="PASS" starttime="20240822 13:44:48.788" endtime="20240822 13:44:48.788"/>
</kw>
<kw name="Append To List" library="Collections">
<arg>${durationsofPrivate}</arg>
<arg>${totalDuration}</arg>
<doc>Adds ``values`` to the end of ``list``.</doc>
<status status="PASS" starttime="20240822 13:44:48.788" endtime="20240822 13:44:48.788"/>
</kw>
<status status="PASS" starttime="20240822 13:44:48.755" endtime="20240822 13:44:48.788"/>
</iter>
<iter>
<var name="${index}">4</var>
<kw name="Get Text" library="SeleniumLibrary">
<var>${durationText}</var>
<arg>(//div[@class="rtcEnd"]/following-sibling::div[@class='busCardContainer ']//div[@class="font14 secondaryTxt"])[${index}]</arg>
<doc>Returns the text value of the element identified by ``locator``.</doc>
<msg timestamp="20240822 13:44:48.827" level="INFO">${durationText} = 08hrs 15mins</msg>
<status status="PASS" starttime="20240822 13:44:48.790" endtime="20240822 13:44:48.827"/>
</kw>
<kw name="Set Variable" library="BuiltIn">
<var>${hours}</var>
<arg>0</arg>
<doc>Returns the given values which can then be assigned to a variables.</doc>
<msg timestamp="20240822 13:44:48.827" level="INFO">${hours} = 0</msg>
<status status="PASS" starttime="20240822 13:44:48.827" endtime="20240822 13:44:48.827"/>
</kw>
<kw name="Set Variable" library="BuiltIn">
<var>${minutes}</var>
<arg>0</arg>
<doc>Returns the given values which can then be assigned to a variables.</doc>
<msg timestamp="20240822 13:44:48.828" level="INFO">${minutes} = 0</msg>
<status status="PASS" starttime="20240822 13:44:48.828" endtime="20240822 13:44:48.828"/>
</kw>
<kw name="Evaluate" library="BuiltIn">
<var>${hoursText}</var>
<arg>'''${durationText}'''.split("hrs")[0].strip()</arg>
<doc>Evaluates the given expression in Python and returns the result.</doc>
<msg timestamp="20240822 13:44:48.828" level="INFO">${hoursText} = 08</msg>
<status status="PASS" starttime="20240822 13:44:48.828" endtime="20240822 13:44:48.828"/>
</kw>
<kw name="Convert To Integer" library="BuiltIn">
<var>${hours}</var>
<arg>${hoursText}</arg>
<doc>Converts the given item to an integer number.</doc>
<msg timestamp="20240822 13:44:48.830" level="INFO">${hours} = 8</msg>
<status status="PASS" starttime="20240822 13:44:48.828" endtime="20240822 13:44:48.830"/>
</kw>
<kw name="Evaluate" library="BuiltIn">
<var>${minutesText}</var>
<arg>'''${durationText}'''.split("hrs")[-1].split("mins")[0].strip()</arg>
<doc>Evaluates the given expression in Python and returns the result.</doc>
<msg timestamp="20240822 13:44:48.831" level="INFO">${minutesText} = 15</msg>
<status status="PASS" starttime="20240822 13:44:48.830" endtime="20240822 13:44:48.831"/>
</kw>
<kw name="Convert To Integer" library="BuiltIn">
<var>${minutes}</var>
<arg>${minutesText}</arg>
<doc>Converts the given item to an integer number.</doc>
<msg timestamp="20240822 13:44:48.832" level="INFO">${minutes} = 15</msg>
<status status="PASS" starttime="20240822 13:44:48.831" endtime="20240822 13:44:48.832"/>
</kw>
<kw name="Evaluate" library="BuiltIn">
<var>${totalDuration}</var>
<arg>(${hours}*60) + ${minutes}</arg>
<doc>Evaluates the given expression in Python and returns the result.</doc>
<msg timestamp="20240822 13:44:48.833" level="INFO">${totalDuration} = 495</msg>
<status status="PASS" starttime="20240822 13:44:48.832" endtime="20240822 13:44:48.833"/>
</kw>
<kw name="Append To List" library="Collections">
<arg>${durationsofPrivate}</arg>
<arg>${totalDuration}</arg>
<doc>Adds ``values`` to the end of ``list``.</doc>
<status status="PASS" starttime="20240822 13:44:48.833" endtime="20240822 13:44:48.834"/>
</kw>
<status status="PASS" starttime="20240822 13:44:48.790" endtime="20240822 13:44:48.834"/>
</iter>
<iter>
<var name="${index}">5</var>
<kw name="Get Text" library="SeleniumLibrary">
<var>${durationText}</var>
<arg>(//div[@class="rtcEnd"]/following-sibling::div[@class='busCardContainer ']//div[@class="font14 secondaryTxt"])[${index}]</arg>
<doc>Returns the text value of the element identified by ``locator``.</doc>
<msg timestamp="20240822 13:44:48.866" level="INFO">${durationText} = 08hrs 15mins</msg>
<status status="PASS" starttime="20240822 13:44:48.834" endtime="20240822 13:44:48.866"/>
</kw>
<kw name="Set Variable" library="BuiltIn">
<var>${hours}</var>
<arg>0</arg>
<doc>Returns the given values which can then be assigned to a variables.</doc>
<msg timestamp="20240822 13:44:48.867" level="INFO">${hours} = 0</msg>
<status status="PASS" starttime="20240822 13:44:48.866" endtime="20240822 13:44:48.867"/>
</kw>
<kw name="Set Variable" library="BuiltIn">
<var>${minutes}</var>
<arg>0</arg>
<doc>Returns the given values which can then be assigned to a variables.</doc>
<msg timestamp="20240822 13:44:48.868" level="INFO">${minutes} = 0</msg>
<status status="PASS" starttime="20240822 13:44:48.867" endtime="20240822 13:44:48.868"/>
</kw>
<kw name="Evaluate" library="BuiltIn">
<var>${hoursText}</var>
<arg>'''${durationText}'''.split("hrs")[0].strip()</arg>
<doc>Evaluates the given expression in Python and returns the result.</doc>
<msg timestamp="20240822 13:44:48.868" level="INFO">${hoursText} = 08</msg>
<status status="PASS" starttime="20240822 13:44:48.868" endtime="20240822 13:44:48.868"/>
</kw>
<kw name="Convert To Integer" library="BuiltIn">
<var>${hours}</var>
<arg>${hoursText}</arg>
<doc>Converts the given item to an integer number.</doc>
<msg timestamp="20240822 13:44:48.869" level="INFO">${hours} = 8</msg>
<status status="PASS" starttime="20240822 13:44:48.869" endtime="20240822 13:44:48.869"/>
</kw>
<kw name="Evaluate" library="BuiltIn">
<var>${minutesText}</var>
<arg>'''${durationText}'''.split("hrs")[-1].split("mins")[0].strip()</arg>
<doc>Evaluates the given expression in Python and returns the result.</doc>
<msg timestamp="20240822 13:44:48.869" level="INFO">${minutesText} = 15</msg>
<status status="PASS" starttime="20240822 13:44:48.869" endtime="20240822 13:44:48.870"/>
</kw>
<kw name="Convert To Integer" library="BuiltIn">
<var>${minutes}</var>
<arg>${minutesText}</arg>
<doc>Converts the given item to an integer number.</doc>
<msg timestamp="20240822 13:44:48.870" level="INFO">${minutes} = 15</msg>
<status status="PASS" starttime="20240822 13:44:48.870" endtime="20240822 13:44:48.871"/>
</kw>
<kw name="Evaluate" library="BuiltIn">
<var>${totalDuration}</var>
<arg>(${hours}*60) + ${minutes}</arg>
<doc>Evaluates the given expression in Python and returns the result.</doc>
<msg timestamp="20240822 13:44:48.871" level="INFO">${totalDuration} = 495</msg>
<status status="PASS" starttime="20240822 13:44:48.871" endtime="20240822 13:44:48.872"/>
</kw>
<kw name="Append To List" library="Collections">
<arg>${durationsofPrivate}</arg>
<arg>${totalDuration}</arg>
<doc>Adds ``values`` to the end of ``list``.</doc>
<status status="PASS" starttime="20240822 13:44:48.872" endtime="20240822 13:44:48.872"/>
</kw>
<status status="PASS" starttime="20240822 13:44:48.834" endtime="20240822 13:44:48.872"/>
</iter>
<iter>
<var name="${index}">6</var>
<kw name="Get Text" library="SeleniumLibrary">
<var>${durationText}</var>
<arg>(//div[@class="rtcEnd"]/following-sibling::div[@class='busCardContainer ']//div[@class="font14 secondaryTxt"])[${index}]</arg>
<doc>Returns the text value of the element identified by ``locator``.</doc>
<msg timestamp="20240822 13:44:48.904" level="INFO">${durationText} = 08hrs 30mins</msg>
<status status="PASS" starttime="20240822 13:44:48.873" endtime="20240822 13:44:48.905"/>
</kw>
<kw name="Set Variable" library="BuiltIn">
<var>${hours}</var>
<arg>0</arg>
<doc>Returns the given values which can then be assigned to a variables.</doc>
<msg timestamp="20240822 13:44:48.905" level="INFO">${hours} = 0</msg>
<status status="PASS" starttime="20240822 13:44:48.905" endtime="20240822 13:44:48.906"/>
</kw>
<kw name="Set Variable" library="BuiltIn">
<var>${minutes}</var>
<arg>0</arg>
<doc>Returns the given values which can then be assigned to a variables.</doc>
<msg timestamp="20240822 13:44:48.906" level="INFO">${minutes} = 0</msg>
<status status="PASS" starttime="20240822 13:44:48.906" endtime="20240822 13:44:48.906"/>
</kw>
<kw name="Evaluate" library="BuiltIn">
<var>${hoursText}</var>
<arg>'''${durationText}'''.split("hrs")[0].strip()</arg>
<doc>Evaluates the given expression in Python and returns the result.</doc>
<msg timestamp="20240822 13:44:48.907" level="INFO">${hoursText} = 08</msg>
<status status="PASS" starttime="20240822 13:44:48.907" endtime="20240822 13:44:48.907"/>
</kw>
<kw name="Convert To Integer" library="BuiltIn">
<var>${hours}</var>
<arg>${hoursText}</arg>
<doc>Converts the given item to an integer number.</doc>
<msg timestamp="20240822 13:44:48.908" level="INFO">${hours} = 8</msg>
<status status="PASS" starttime="20240822 13:44:48.907" endtime="20240822 13:44:48.908"/>
</kw>
<kw name="Evaluate" library="BuiltIn">
<var>${minutesText}</var>
<arg>'''${durationText}'''.split("hrs")[-1].split("mins")[0].strip()</arg>
<doc>Evaluates the given expression in Python and returns the result.</doc>
<msg timestamp="20240822 13:44:48.908" level="INFO">${minutesText} = 30</msg>
<status status="PASS" starttime="20240822 13:44:48.908" endtime="20240822 13:44:48.908"/>
</kw>
<kw name="Convert To Integer" library="BuiltIn">
<var>${minutes}</var>
<arg>${minutesText}</arg>
<doc>Converts the given item to an integer number.</doc>
<msg timestamp="20240822 13:44:48.909" level="INFO">${minutes} = 30</msg>
<status status="PASS" starttime="20240822 13:44:48.909" endtime="20240822 13:44:48.909"/>
</kw>
<kw name="Evaluate" library="BuiltIn">
<var>${totalDuration}</var>
<arg>(${hours}*60) + ${minutes}</arg>
<doc>Evaluates the given expression in Python and returns the result.</doc>
<msg timestamp="20240822 13:44:48.910" level="INFO">${totalDuration} = 510</msg>
<status status="PASS" starttime="20240822 13:44:48.909" endtime="20240822 13:44:48.910"/>
</kw>
<kw name="Append To List" library="Collections">
<arg>${durationsofPrivate}</arg>
<arg>${totalDuration}</arg>
<doc>Adds ``values`` to the end of ``list``.</doc>
<status status="PASS" starttime="20240822 13:44:48.910" endtime="20240822 13:44:48.910"/>
</kw>
<status status="PASS" starttime="20240822 13:44:48.872" endtime="20240822 13:44:48.910"/>
</iter>
<iter>
<var name="${index}">7</var>
<kw name="Get Text" library="SeleniumLibrary">
<var>${durationText}</var>
<arg>(//div[@class="rtcEnd"]/following-sibling::div[@class='busCardContainer ']//div[@class="font14 secondaryTxt"])[${index}]</arg>
<doc>Returns the text value of the element identified by ``locator``.</doc>
<msg timestamp="20240822 13:44:48.939" level="INFO">${durationText} = 09hrs 05mins</msg>
<status status="PASS" starttime="20240822 13:44:48.910" endtime="20240822 13:44:48.939"/>
</kw>
<kw name="Set Variable" library="BuiltIn">
<var>${hours}</var>
<arg>0</arg>
<doc>Returns the given values which can then be assigned to a variables.</doc>
<msg timestamp="20240822 13:44:48.939" level="INFO">${hours} = 0</msg>
<status status="PASS" starttime="20240822 13:44:48.939" endtime="20240822 13:44:48.939"/>
</kw>
<kw name="Set Variable" library="BuiltIn">
<var>${minutes}</var>
<arg>0</arg>
<doc>Returns the given values which can then be assigned to a variables.</doc>
<msg timestamp="20240822 13:44:48.940" level="INFO">${minutes} = 0</msg>
<status status="PASS" starttime="20240822 13:44:48.939" endtime="20240822 13:44:48.940"/>
</kw>
<kw name="Evaluate" library="BuiltIn">
<var>${hoursText}</var>
<arg>'''${durationText}'''.split("hrs")[0].strip()</arg>
<doc>Evaluates the given expression in Python and returns the result.</doc>
<msg timestamp="20240822 13:44:48.940" level="INFO">${hoursText} = 09</msg>
<status status="PASS" starttime="20240822 13:44:48.940" endtime="20240822 13:44:48.940"/>
</kw>
<kw name="Convert To Integer" library="BuiltIn">
<var>${hours}</var>
<arg>${hoursText}</arg>
<doc>Converts the given item to an integer number.</doc>
<msg timestamp="20240822 13:44:48.941" level="INFO">${hours} = 9</msg>
<status status="PASS" starttime="20240822 13:44:48.941" endtime="20240822 13:44:48.941"/>
</kw>
<kw name="Evaluate" library="BuiltIn">
<var>${minutesText}</var>
<arg>'''${durationText}'''.split("hrs")[-1].split("mins")[0].strip()</arg>
<doc>Evaluates the given expression in Python and returns the result.</doc>
<msg timestamp="20240822 13:44:48.941" level="INFO">${minutesText} = 05</msg>
<status status="PASS" starttime="20240822 13:44:48.941" endtime="20240822 13:44:48.941"/>
</kw>
<kw name="Convert To Integer" library="BuiltIn">
<var>${minutes}</var>
<arg>${minutesText}</arg>
<doc>Converts the given item to an integer number.</doc>
<msg timestamp="20240822 13:44:48.942" level="INFO">${minutes} = 5</msg>
<status status="PASS" starttime="20240822 13:44:48.942" endtime="20240822 13:44:48.942"/>
</kw>
<kw name="Evaluate" library="BuiltIn">
<var>${totalDuration}</var>
<arg>(${hours}*60) + ${minutes}</arg>
<doc>Evaluates the given expression in Python and returns the result.</doc>
<msg timestamp="20240822 13:44:48.943" level="INFO">${totalDuration} = 545</msg>
<status status="PASS" starttime="20240822 13:44:48.943" endtime="20240822 13:44:48.943"/>
</kw>
<kw name="Append To List" library="Collections">
<arg>${durationsofPrivate}</arg>
<arg>${totalDuration}</arg>
<doc>Adds ``values`` to the end of ``list``.</doc>
<status status="PASS" starttime="20240822 13:44:48.943" endtime="20240822 13:44:48.943"/>
</kw>
<status status="PASS" starttime="20240822 13:44:48.910" endtime="20240822 13:44:48.944"/>
</iter>
<iter>
<var name="${index}">8</var>
<kw name="Get Text" library="SeleniumLibrary">
<var>${durationText}</var>
<arg>(//div[@class="rtcEnd"]/following-sibling::div[@class='busCardContainer ']//div[@class="font14 secondaryTxt"])[${index}]</arg>
<doc>Returns the text value of the element identified by ``locator``.</doc>
<msg timestamp="20240822 13:44:48.973" level="INFO">${durationText} = 09hrs 15mins</msg>
<status status="PASS" starttime="20240822 13:44:48.944" endtime="20240822 13:44:48.973"/>
</kw>
<kw name="Set Variable" library="BuiltIn">
<var>${hours}</var>
<arg>0</arg>
<doc>Returns the given values which can then be assigned to a variables.</doc>
<msg timestamp="20240822 13:44:48.973" level="INFO">${hours} = 0</msg>
<status status="PASS" starttime="20240822 13:44:48.973" endtime="20240822 13:44:48.973"/>
</kw>
<kw name="Set Variable" library="BuiltIn">
<var>${minutes}</var>
<arg>0</arg>
<doc>Returns the given values which can then be assigned to a variables.</doc>
<msg timestamp="20240822 13:44:48.974" level="INFO">${minutes} = 0</msg>
<status status="PASS" starttime="20240822 13:44:48.973" endtime="20240822 13:44:48.974"/>
</kw>
<kw name="Evaluate" library="BuiltIn">
<var>${hoursText}</var>
<arg>'''${durationText}'''.split("hrs")[0].strip()</arg>
<doc>Evaluates the given expression in Python and returns the result.</doc>
<msg timestamp="20240822 13:44:48.974" level="INFO">${hoursText} = 09</msg>
<status status="PASS" starttime="20240822 13:44:48.974" endtime="20240822 13:44:48.974"/>
</kw>
<kw name="Convert To Integer" library="BuiltIn">
<var>${hours}</var>
<arg>${hoursText}</arg>
<doc>Converts the given item to an integer number.</doc>
<msg timestamp="20240822 13:44:48.975" level="INFO">${hours} = 9</msg>
<status status="PASS" starttime="20240822 13:44:48.974" endtime="20240822 13:44:48.975"/>
</kw>
<kw name="Evaluate" library="BuiltIn">
<var>${minutesText}</var>
<arg>'''${durationText}'''.split("hrs")[-1].split("mins")[0].strip()</arg>
<doc>Evaluates the given expression in Python and returns the result.</doc>
<msg timestamp="20240822 13:44:48.976" level="INFO">${minutesText} = 15</msg>
<status status="PASS" starttime="20240822 13:44:48.975" endtime="20240822 13:44:48.976"/>
</kw>
<kw name="Convert To Integer" library="BuiltIn">
<var>${minutes}</var>
<arg>${minutesText}</arg>
<doc>Converts the given item to an integer number.</doc>
<msg timestamp="20240822 13:44:48.976" level="INFO">${minutes} = 15</msg>
<status status="PASS" starttime="20240822 13:44:48.976" endtime="20240822 13:44:48.976"/>
</kw>
<kw name="Evaluate" library="BuiltIn">
<var>${totalDuration}</var>
<arg>(${hours}*60) + ${minutes}</arg>
<doc>Evaluates the given expression in Python and returns the result.</doc>
<msg timestamp="20240822 13:44:48.977" level="INFO">${totalDuration} = 555</msg>
<status status="PASS" starttime="20240822 13:44:48.977" endtime="20240822 13:44:48.977"/>
</kw>
<kw name="Append To List" library="Collections">
<arg>${durationsofPrivate}</arg>
<arg>${totalDuration}</arg>
<doc>Adds ``values`` to the end of ``list``.</doc>
<status status="PASS" starttime="20240822 13:44:48.977" endtime="20240822 13:44:48.977"/>
</kw>
<status status="PASS" starttime="20240822 13:44:48.944" endtime="20240822 13:44:48.977"/>
</iter>
<status status="PASS" starttime="20240822 13:44:48.667" endtime="20240822 13:44:48.977"/>
</for>
<kw name="Log" library="BuiltIn">
<arg>Private Durations: ${durationsofPrivate}</arg>
<doc>Logs the given message with the given level.</doc>
<msg timestamp="20240822 13:44:48.978" level="INFO">Private Durations: [450, 465, 475, 495, 495, 510, 545, 555]</msg>
<status status="PASS" starttime="20240822 13:44:48.978" endtime="20240822 13:44:48.978"/>
</kw>
<msg timestamp="20240822 13:44:48.978" level="INFO">@{durationsofPrivate} = [ 450 | 465 | 475 | 495 | 495 | 510 | 545 | 555 ]</msg>
<status status="PASS" starttime="20240822 13:44:48.614" endtime="20240822 13:44:48.978"/>
</kw>
<kw name="Log" library="BuiltIn">
<arg>:${durationsofPrivate}</arg>
<doc>Logs the given message with the given level.</doc>
<msg timestamp="20240822 13:44:48.978" level="INFO">:[450, 465, 475, 495, 495, 510, 545, 555]</msg>
<status status="PASS" starttime="20240822 13:44:48.978" endtime="20240822 13:44:48.979"/>
</kw>
<kw name="Join Lists Using Combine Lists">
<var>@{firstDurations}</var>
<arg>${durationsofKsrtc}</arg>
<arg>${durationsofPrivate}</arg>
<kw name="Log" library="BuiltIn">
<arg>${durationsofKsrtc}</arg>
<doc>Logs the given message with the given level.</doc>
<msg timestamp="20240822 13:44:48.980" level="INFO">[490, 635, 656, 690, 695, 700]</msg>
<status status="PASS" starttime="20240822 13:44:48.980" endtime="20240822 13:44:48.980"/>
</kw>
<kw name="Log" library="BuiltIn">
<arg>${durationsofPrivate}</arg>
<doc>Logs the given message with the given level.</doc>
<msg timestamp="20240822 13:44:48.981" level="INFO">[450, 465, 475, 495, 495, 510, 545, 555]</msg>
<status status="PASS" starttime="20240822 13:44:48.980" endtime="20240822 13:44:48.981"/>
</kw>
<kw name="Create List" library="BuiltIn">
<var>${AllBusDuration}</var>
<arg>${durationsofKsrtc}</arg>
<arg>${durationsofPrivate}</arg>
<doc>Returns a list containing given items.</doc>
<msg timestamp="20240822 13:44:48.982" level="INFO">${AllBusDuration} = [[490, 635, 656, 690, 695, 700], [450, 465, 475, 495, 495, 510, 545, 555]]</msg>
<status status="PASS" starttime="20240822 13:44:48.981" endtime="20240822 13:44:48.982"/>
</kw>
<kw name="Log" library="BuiltIn">
<arg>${AllBusDuration}</arg>
<doc>Logs the given message with the given level.</doc>
<msg timestamp="20240822 13:44:48.982" level="INFO">[[490, 635, 656, 690, 695, 700], [450, 465, 475, 495, 495, 510, 545, 555]]</msg>
<status status="PASS" starttime="20240822 13:44:48.982" endtime="20240822 13:44:48.982"/>
</kw>
<kw name="Log" library="BuiltIn">
<arg>${AllBusDuration[0]}</arg>
<doc>Logs the given message with the given level.</doc>
<msg timestamp="20240822 13:44:48.984" level="INFO">[490, 635, 656, 690, 695, 700]</msg>
<status status="PASS" starttime="20240822 13:44:48.983" endtime="20240822 13:44:48.984"/>
</kw>
<kw name="Log" library="BuiltIn">
<arg>${AllBusDuration[1]}</arg>
<doc>Logs the given message with the given level.</doc>
<msg timestamp="20240822 13:44:48.985" level="INFO">[450, 465, 475, 495, 495, 510, 545, 555]</msg>
<status status="PASS" starttime="20240822 13:44:48.984" endtime="20240822 13:44:48.985"/>
</kw>
<msg timestamp="20240822 13:44:48.986" level="INFO">@{firstDurations} = [ [490, 635, 656, 690, 695, 700] | [450, 465, 475, 495, 495, 510, 545, 555] ]</msg>
<status status="PASS" starttime="20240822 13:44:48.979" endtime="20240822 13:44:48.986"/>
</kw>
<kw name="Log" library="BuiltIn">
<arg>Current list: ${firstDurations}</arg>
<doc>Logs the given message with the given level.</doc>
<msg timestamp="20240822 13:44:48.987" level="INFO">Current list: [[490, 635, 656, 690, 695, 700], [450, 465, 475, 495, 495, 510, 545, 555]]</msg>
<status status="PASS" starttime="20240822 13:44:48.986" endtime="20240822 13:44:48.987"/>
</kw>
<kw name="Validate Durations Sorted">
<arg>${firstDurations}</arg>
<arg>order=${ascOrder}</arg>
<kw name="Log" library="BuiltIn">
<arg>Durations: ${AllBusDuration}</arg>
<doc>Logs the given message with the given level.</doc>
<msg timestamp="20240822 13:44:48.989" level="INFO">Durations: [[490, 635, 656, 690, 695, 700], [450, 465, 475, 495, 495, 510, 545, 555]]</msg>
<status status="PASS" starttime="20240822 13:44:48.988" endtime="20240822 13:44:48.989"/>
</kw>
<kw name="Copy List" library="Collections">
<var>${sortedDurationsFinal}</var>
<arg>${AllBusDuration}</arg>
<doc>Returns a copy of the given list.</doc>
<msg timestamp="20240822 13:44:48.990" level="INFO">${sortedDurationsFinal} = [[490, 635, 656, 690, 695, 700], [450, 465, 475, 495, 495, 510, 545, 555]]</msg>
<status status="PASS" starttime="20240822 13:44:48.989" endtime="20240822 13:44:48.990"/>
</kw>
<kw name="Sort List" library="Collections">
<arg>${sortedDurationsFinal[0]}</arg>
<doc>Sorts the given list in place.</doc>
<status status="PASS" starttime="20240822 13:44:48.990" endtime="20240822 13:44:48.991"/>
</kw>
<kw name="Log" library="BuiltIn">
<arg>${sortedDurationsFinal[0]}</arg>
<doc>Logs the given message with the given level.</doc>
<msg timestamp="20240822 13:44:48.992" level="INFO">[490, 635, 656, 690, 695, 700]</msg>
<status status="PASS" starttime="20240822 13:44:48.991" endtime="20240822 13:44:48.992"/>
</kw>
<kw name="Sort List" library="Collections">
<arg>${sortedDurationsFinal[1]}</arg>
<doc>Sorts the given list in place.</doc>
<status status="PASS" starttime="20240822 13:44:48.992" endtime="20240822 13:44:48.993"/>
</kw>
<kw name="Log" library="BuiltIn">
<arg>${sortedDurationsFinal[1]}</arg>
<doc>Logs the given message with the given level.</doc>
<msg timestamp="20240822 13:44:48.994" level="INFO">[450, 465, 475, 495, 495, 510, 545, 555]</msg>
<status status="PASS" starttime="20240822 13:44:48.994" endtime="20240822 13:44:48.995"/>
</kw>
<kw name="Log" library="BuiltIn">
<arg>${sortedDurationsFinal}</arg>
<doc>Logs the given message with the given level.</doc>
<msg timestamp="20240822 13:44:48.995" level="INFO">[[490, 635, 656, 690, 695, 700], [450, 465, 475, 495, 495, 510, 545, 555]]</msg>
<status status="PASS" starttime="20240822 13:44:48.995" endtime="20240822 13:44:48.995"/>
</kw>
<kw name="Run Keyword If" library="BuiltIn">
<arg>'${order}' == 'descending'</arg>
<arg>Reverse List</arg>
<arg>${sortedDurationsFinal[0]}</arg>
<doc>Runs the given keyword with the given arguments, if ``condition`` is true.</doc>
<status status="PASS" starttime="20240822 13:44:48.995" endtime="20240822 13:44:48.996"/>
</kw>
<kw name="Run Keyword If" library="BuiltIn">
<arg>'${order}' == 'descending'</arg>
<arg>Reverse List</arg>
<arg>${sortedDurationsFinal[1]}</arg>
<doc>Runs the given keyword with the given arguments, if ``condition`` is true.</doc>
<status status="PASS" starttime="20240822 13:44:48.996" endtime="20240822 13:44:48.996"/>
</kw>
<kw name="Should Be Equal" library="BuiltIn">
<arg>${sortedDurationsFinal}</arg>
<arg>${AllBusDuration}</arg>
<doc>Fails if the given objects are unequal.</doc>
<status status="PASS" starttime="20240822 13:44:48.996" endtime="20240822 13:44:48.997"/>
</kw>
<kw name="Log" library="BuiltIn">
<arg>${sortedDurationsFinal[0]}</arg>
<doc>Logs the given message with the given level.</doc>
<msg timestamp="20240822 13:44:48.998" level="INFO">[490, 635, 656, 690, 695, 700]</msg>
<status status="PASS" starttime="20240822 13:44:48.997" endtime="20240822 13:44:48.998"/>
</kw>
<kw name="Log" library="BuiltIn">
<arg>${sortedDurationsFinal[1]}</arg>
<doc>Logs the given message with the given level.</doc>
<msg timestamp="20240822 13:44:48.998" level="INFO">[450, 465, 475, 495, 495, 510, 545, 555]</msg>
<status status="PASS" starttime="20240822 13:44:48.998" endtime="20240822 13:44:48.998"/>
</kw>
<kw name="Log" library="BuiltIn">
<arg>Sorted Durations: ${sortedDurationsFinal}</arg>
<doc>Logs the given message with the given level.</doc>
<msg timestamp="20240822 13:44:49.000" level="INFO">Sorted Durations: [[490, 635, 656, 690, 695, 700], [450, 465, 475, 495, 495, 510, 545, 555]]</msg>
<status status="PASS" starttime="20240822 13:44:48.998" endtime="20240822 13:44:49.000"/>
</kw>
<status status="PASS" starttime="20240822 13:44:48.988" endtime="20240822 13:44:49.000"/>
</kw>
<kw name="Click Element" library="SeleniumLibrary">
<arg>//div[@class="makeFlex hrtlCenter"]//li[contains(text(), 'Fastest')]</arg>
<doc>Click the element identified by ``locator``.</doc>
<msg timestamp="20240822 13:44:49.000" level="INFO">Clicking element '//div[@class="makeFlex hrtlCenter"]//li[contains(text(), 'Fastest')]'.</msg>
<status status="PASS" starttime="20240822 13:44:49.000" endtime="20240822 13:44:49.110"/>
</kw>
<kw name="Wait Until Buses Are Loaded">
<kw name="Wait Until Element Is Not Visible" library="SeleniumLibrary">
<arg>//div[@class="loader"]</arg>
<arg>timeout=20s</arg>
<doc>Waits until the element ``locator`` is not visible.</doc>
<status status="PASS" starttime="20240822 13:44:49.111" endtime="20240822 13:44:49.126"/>
</kw>
<kw name="Wait Until Element Is Visible" library="SeleniumLibrary">
<arg>//div[@class="busCardContainer "]//div[contains(@class,"makeFlex false")][1]</arg>
<arg>timeout=20s</arg>
<doc>Waits until the element ``locator`` is visible.</doc>
<status status="PASS" starttime="20240822 13:44:49.127" endtime="20240822 13:44:49.157"/>
</kw>
<kw name="Wait Until Page Contains Element" library="SeleniumLibrary">
<arg>//div[contains(@class,'secondaryTxt')]</arg>
<arg>timeout=20s</arg>
<doc>Waits until the element ``locator`` appears on the current page.</doc>
<status status="PASS" starttime="20240822 13:44:49.157" endtime="20240822 13:44:49.175"/>
</kw>
<status status="PASS" starttime="20240822 13:44:49.110" endtime="20240822 13:44:49.175"/>
</kw>
<kw name="Get Bus Durations of KSRTC">
<var>@{durationsofKsrtc}</var>
<kw name="Create List" library="BuiltIn">
<var>${durationsofKsrtc}</var>
<doc>Returns a list containing given items.</doc>
<msg timestamp="20240822 13:44:49.176" level="INFO">${durationsofKsrtc} = []</msg>
<status status="PASS" starttime="20240822 13:44:49.176" endtime="20240822 13:44:49.176"/>
</kw>
<kw name="Wait Until Element Is Visible" library="SeleniumLibrary">
<arg>//p[contains(text(),"KSRTC")]/ancestor::div[@class='makeFlex false']//div[@class='font14 secondaryTxt']</arg>
<doc>Waits until the element ``locator`` is visible.</doc>
<status status="PASS" starttime="20240822 13:44:49.176" endtime="20240822 13:44:49.205"/>
</kw>
<kw name="Get Element Count" library="SeleniumLibrary">
<var>${numberOfBuses}</var>
<arg>//p[contains(text(),"KSRTC")]/ancestor::div[@class='makeFlex false']//div[@class='font14 secondaryTxt']</arg>
<doc>Returns the number of elements matching ``locator``.</doc>
<msg timestamp="20240822 13:44:49.220" level="INFO">${numberOfBuses} = 6</msg>
<status status="PASS" starttime="20240822 13:44:49.206" endtime="20240822 13:44:49.220"/>
</kw>
<kw name="Evaluate" library="BuiltIn">
<var>${numberOfBuses}</var>
<arg>$numberOfBuses+1</arg>
<doc>Evaluates the given expression in Python and returns the result.</doc>
<msg timestamp="20240822 13:44:49.220" level="INFO">${numberOfBuses} = 7</msg>
<status status="PASS" starttime="20240822 13:44:49.220" endtime="20240822 13:44:49.220"/>
</kw>
<for flavor="IN RANGE">
<var>${index}</var>
<value>1</value>
<value>${numberOfBuses}</value>
<iter>
<var name="${index}">1</var>
<kw name="Get Text" library="SeleniumLibrary">
<var>${durationText}</var>
<arg>(//p[contains(text(),"KSRTC")]/ancestor::div[@class='makeFlex false']//div[@class='font14 secondaryTxt'])[${index}]</arg>
<doc>Returns the text value of the element identified by ``locator``.</doc>
<msg timestamp="20240822 13:44:49.244" level="INFO">${durationText} = 11hrs 40mins</msg>
<status status="PASS" starttime="20240822 13:44:49.221" endtime="20240822 13:44:49.244"/>
</kw>
<kw name="Set Variable" library="BuiltIn">
<var>${hours}</var>
<arg>0</arg>
<doc>Returns the given values which can then be assigned to a variables.</doc>
<msg timestamp="20240822 13:44:49.246" level="INFO">${hours} = 0</msg>
<status status="PASS" starttime="20240822 13:44:49.245" endtime="20240822 13:44:49.246"/>
</kw>
<kw name="Set Variable" library="BuiltIn">
<var>${minutes}</var>
<arg>0</arg>
<doc>Returns the given values which can then be assigned to a variables.</doc>
<msg timestamp="20240822 13:44:49.246" level="INFO">${minutes} = 0</msg>
<status status="PASS" starttime="20240822 13:44:49.246" endtime="20240822 13:44:49.246"/>
</kw>
<kw name="Evaluate" library="BuiltIn">
<var>${hoursText}</var>
<arg>'''${durationText}'''.split("hrs")[0].strip()</arg>
<doc>Evaluates the given expression in Python and returns the result.</doc>
<msg timestamp="20240822 13:44:49.247" level="INFO">${hoursText} = 11</msg>
<status status="PASS" starttime="20240822 13:44:49.247" endtime="20240822 13:44:49.247"/>
</kw>
<kw name="Convert To Integer" library="BuiltIn">
<var>${hours}</var>
<arg>${hoursText}</arg>
<doc>Converts the given item to an integer number.</doc>
<msg timestamp="20240822 13:44:49.248" level="INFO">${hours} = 11</msg>
<status status="PASS" starttime="20240822 13:44:49.247" endtime="20240822 13:44:49.248"/>
</kw>
<kw name="Evaluate" library="BuiltIn">
<var>${minutesText}</var>
<arg>'''${durationText}'''.split("hrs")[-1].split("mins")[0].strip()</arg>
<doc>Evaluates the given expression in Python and returns the result.</doc>
<msg timestamp="20240822 13:44:49.248" level="INFO">${minutesText} = 40</msg>
<status status="PASS" starttime="20240822 13:44:49.248" endtime="20240822 13:44:49.248"/>
</kw>
<kw name="Convert To Integer" library="BuiltIn">
<var>${minutes}</var>
<arg>${minutesText}</arg>
<doc>Converts the given item to an integer number.</doc>
<msg timestamp="20240822 13:44:49.249" level="INFO">${minutes} = 40</msg>
<status status="PASS" starttime="20240822 13:44:49.249" endtime="20240822 13:44:49.249"/>
</kw>
<kw name="Evaluate" library="BuiltIn">
<var>${totalDuration}</var>
<arg>(${hours}*60) + ${minutes}</arg>
<doc>Evaluates the given expression in Python and returns the result.</doc>
<msg timestamp="20240822 13:44:49.250" level="INFO">${totalDuration} = 700</msg>
<status status="PASS" starttime="20240822 13:44:49.249" endtime="20240822 13:44:49.250"/>
</kw>
<kw name="Append To List" library="Collections">
<arg>${durationsofKsrtc}</arg>
<arg>${totalDuration}</arg>
<doc>Adds ``values`` to the end of ``list``.</doc>
<status status="PASS" starttime="20240822 13:44:49.250" endtime="20240822 13:44:49.251"/>
</kw>
<status status="PASS" starttime="20240822 13:44:49.221" endtime="20240822 13:44:49.251"/>
</iter>
<iter>
<var name="${index}">2</var>
<kw name="Get Text" library="SeleniumLibrary">
<var>${durationText}</var>
<arg>(//p[contains(text(),"KSRTC")]/ancestor::div[@class='makeFlex false']//div[@class='font14 secondaryTxt'])[${index}]</arg>
<doc>Returns the text value of the element identified by ``locator``.</doc>
<msg timestamp="20240822 13:44:49.276" level="INFO">${durationText} = 11hrs 35mins</msg>
<status status="PASS" starttime="20240822 13:44:49.251" endtime="20240822 13:44:49.276"/>
</kw>
[...]
</kw>
<kw name="Append To List" library="Collections">
<arg>${durationsofPrivate}</arg>
<arg>${totalDuration}</arg>
<doc>Adds ``values`` to the end of ``list``.</doc>
<status status="PASS" starttime="20240822 13:44:49.636" endtime="20240822 13:44:49.637"/>
</kw>
<status status="PASS" starttime="20240822 13:44:49.606" endtime="20240822 13:44:49.637"/>
</iter>
<iter>
<var name="${index}">6</var>
<kw name="Get Text" library="SeleniumLibrary">
<var>${durationText}</var>
<arg>(//div[@class="rtcEnd"]/following-sibling::div[@class='busCardContainer ']//div[@class="font14 secondaryTxt"])[${index}]</arg>
<doc>Returns the text value of the element identified by ``locator``.</doc>
<msg timestamp="20240822 13:44:49.662" level="INFO">${durationText} = 07hrs 55mins</msg>
<status status="PASS" starttime="20240822 13:44:49.637" endtime="20240822 13:44:49.662"/>
</kw>
<kw name="Set Variable" library="BuiltIn">
<var>${hours}</var>
<arg>0</arg>
<doc>Returns the given values which can then be assigned to a variables.</doc>
<msg timestamp="20240822 13:44:49.663" level="INFO">${hours} = 0</msg>
<status status="PASS" starttime="20240822 13:44:49.662" endtime="20240822 13:44:49.663"/>
</kw>
<kw name="Set Variable" library="BuiltIn">
<var>${minutes}</var>
<arg>0</arg>
<doc>Returns the given values which can then be assigned to a variables.</doc>
<msg timestamp="20240822 13:44:49.664" level="INFO">${minutes} = 0</msg>
<status status="PASS" starttime="20240822 13:44:49.663" endtime="20240822 13:44:49.664"/>
</kw>
<kw name="Evaluate" library="BuiltIn">
<var>${hoursText}</var>
<arg>'''${durationText}'''.split("hrs")[0].strip()</arg>
<doc>Evaluates the given expression in Python and returns the result.</doc>
<msg timestamp="20240822 13:44:49.665" level="INFO">${hoursText} = 07</msg>
<status status="PASS" starttime="20240822 13:44:49.664" endtime="20240822 13:44:49.665"/>
</kw>
<kw name="Convert To Integer" library="BuiltIn">
<var>${hours}</var>
<arg>${hoursText}</arg>
<doc>Converts the given item to an integer number.</doc>
<msg timestamp="20240822 13:44:49.666" level="INFO">${hours} = 7</msg>
<status status="PASS" starttime="20240822 13:44:49.665" endtime="20240822 13:44:49.666"/>
</kw>
<kw name="Evaluate" library="BuiltIn">
<var>${minutesText}</var>
<arg>'''${durationText}'''.split("hrs")[-1].split("mins")[0].strip()</arg>
<doc>Evaluates the given expression in Python and returns the result.</doc>
<msg timestamp="20240822 13:44:49.666" level="INFO">${minutesText} = 55</msg>
<status status="PASS" starttime="20240822 13:44:49.666" endtime="20240822 13:44:49.667"/>
</kw>
<kw name="Convert To Integer" library="BuiltIn">
<var>${minutes}</var>
<arg>${minutesText}</arg>
<doc>Converts the given item to an integer number.</doc>
<msg timestamp="20240822 13:44:49.667" level="INFO">${minutes} = 55</msg>
<status status="PASS" starttime="20240822 13:44:49.667" endtime="20240822 13:44:49.667"/>
</kw>
<kw name="Evaluate" library="BuiltIn">
<var>${totalDuration}</var>
<arg>(${hours}*60) + ${minutes}</arg>
<doc>Evaluates the given expression in Python and returns the result.</doc>
<msg timestamp="20240822 13:44:49.668" level="INFO">${totalDuration} = 475</msg>
<status status="PASS" starttime="20240822 13:44:49.667" endtime="20240822 13:44:49.668"/>
</kw>
<kw name="Append To List" library="Collections">
<arg>${durationsofPrivate}</arg>
<arg>${totalDuration}</arg>
<doc>Adds ``values`` to the end of ``list``.</doc>
<status status="PASS" starttime="20240822 13:44:49.668" endtime="20240822 13:44:49.669"/>
</kw>
<status status="PASS" starttime="20240822 13:44:49.637" endtime="20240822 13:44:49.670"/>
</iter>
<iter>
<var name="${index}">7</var>
<kw name="Get Text" library="SeleniumLibrary">
<var>${durationText}</var>
<arg>(//div[@class="rtcEnd"]/following-sibling::div[@class='busCardContainer ']//div[@class="font14 secondaryTxt"])[${index}]</arg>
<doc>Returns the text value of the element identified by ``locator``.</doc>
<msg timestamp="20240822 13:44:49.697" level="INFO">${durationText} = 07hrs 45mins</msg>
<status status="PASS" starttime="20240822 13:44:49.670" endtime="20240822 13:44:49.697"/>
</kw>
<kw name="Set Variable" library="BuiltIn">
<var>${hours}</var>
<arg>0</arg>
<doc>Returns the given values which can then be assigned to a variables.</doc>
<msg timestamp="20240822 13:44:49.698" level="INFO">${hours} = 0</msg>
<status status="PASS" starttime="20240822 13:44:49.697" endtime="20240822 13:44:49.698"/>
</kw>
<kw name="Set Variable" library="BuiltIn">
<var>${minutes}</var>
<arg>0</arg>
<doc>Returns the given values which can then be assigned to a variables.</doc>
<msg timestamp="20240822 13:44:49.698" level="INFO">${minutes} = 0</msg>
<status status="PASS" starttime="20240822 13:44:49.698" endtime="20240822 13:44:49.698"/>
</kw>
<kw name="Evaluate" library="BuiltIn">
<var>${hoursText}</var>
<arg>'''${durationText}'''.split("hrs")[0].strip()</arg>
<doc>Evaluates the given expression in Python and returns the result.</doc>
<msg timestamp="20240822 13:44:49.699" level="INFO">${hoursText} = 07</msg>
<status status="PASS" starttime="20240822 13:44:49.698" endtime="20240822 13:44:49.699"/>
</kw>
<kw name="Convert To Integer" library="BuiltIn">
<var>${hours}</var>
<arg>${hoursText}</arg>
<doc>Converts the given item to an integer number.</doc>
<msg timestamp="20240822 13:44:49.700" level="INFO">${hours} = 7</msg>
<status status="PASS" starttime="20240822 13:44:49.699" endtime="20240822 13:44:49.700"/>
</kw>
<kw name="Evaluate" library="BuiltIn">
<var>${minutesText}</var>
<arg>'''${durationText}'''.split("hrs")[-1].split("mins")[0].strip()</arg>
<doc>Evaluates the given expression in Python and returns the result.</doc>
<msg timestamp="20240822 13:44:49.701" level="INFO">${minutesText} = 45</msg>
<status status="PASS" starttime="20240822 13:44:49.700" endtime="20240822 13:44:49.701"/>
</kw>
<kw name="Convert To Integer" library="BuiltIn">
<var>${minutes}</var>
<arg>${minutesText}</arg>
<doc>Converts the given item to an integer number.</doc>
<msg timestamp="20240822 13:44:49.701" level="INFO">${minutes} = 45</msg>
<status status="PASS" starttime="20240822 13:44:49.701" endtime="20240822 13:44:49.701"/>
</kw>
<kw name="Evaluate" library="BuiltIn">
<var>${totalDuration}</var>
<arg>(${hours}*60) + ${minutes}</arg>
<doc>Evaluates the given expression in Python and returns the result.</doc>
<msg timestamp="20240822 13:44:49.702" level="INFO">${totalDuration} = 465</msg>
<status status="PASS" starttime="20240822 13:44:49.702" endtime="20240822 13:44:49.702"/>
</kw>
<kw name="Append To List" library="Collections">
<arg>${durationsofPrivate}</arg>
<arg>${totalDuration}</arg>
<doc>Adds ``values`` to the end of ``list``.</doc>
<status status="PASS" starttime="20240822 13:44:49.702" endtime="20240822 13:44:49.703"/>
</kw>
<status status="PASS" starttime="20240822 13:44:49.670" endtime="20240822 13:44:49.703"/>
</iter>
<iter>
<var name="${index}">8</var>
<kw name="Get Text" library="SeleniumLibrary">
<var>${durationText}</var>
<arg>(//div[@class="rtcEnd"]/following-sibling::div[@class='busCardContainer ']//div[@class="font14 secondaryTxt"])[${index}]</arg>
<doc>Returns the text value of the element identified by ``locator``.</doc>
<msg timestamp="20240822 13:44:49.727" level="INFO">${durationText} = 07hrs 30mins</msg>
<status status="PASS" starttime="20240822 13:44:49.703" endtime="20240822 13:44:49.727"/>
</kw>
<kw name="Set Variable" library="BuiltIn">
<var>${hours}</var>
<arg>0</arg>
<doc>Returns the given values which can then be assigned to a variables.</doc>
<msg timestamp="20240822 13:44:49.728" level="INFO">${hours} = 0</msg>
<status status="PASS" starttime="20240822 13:44:49.727" endtime="20240822 13:44:49.728"/>
</kw>
<kw name="Set Variable" library="BuiltIn">
<var>${minutes}</var>
<arg>0</arg>
<doc>Returns the given values which can then be assigned to a variables.</doc>
<msg timestamp="20240822 13:44:49.728" level="INFO">${minutes} = 0</msg>
<status status="PASS" starttime="20240822 13:44:49.728" endtime="20240822 13:44:49.728"/>
</kw>
<kw name="Evaluate" library="BuiltIn">
<var>${hoursText}</var>
<arg>'''${durationText}'''.split("hrs")[0].strip()</arg>
<doc>Evaluates the given expression in Python and returns the result.</doc>
<msg timestamp="20240822 13:44:49.730" level="INFO">${hoursText} = 07</msg>
<status status="PASS" starttime="20240822 13:44:49.730" endtime="20240822 13:44:49.730"/>
</kw>
<kw name="Convert To Integer" library="BuiltIn">
<var>${hours}</var>
<arg>${hoursText}</arg>
<doc>Converts the given item to an integer number.</doc>
<msg timestamp="20240822 13:44:49.732" level="INFO">${hours} = 7</msg>
<status status="PASS" starttime="20240822 13:44:49.731" endtime="20240822 13:44:49.732"/>
</kw>
<kw name="Evaluate" library="BuiltIn">
<var>${minutesText}</var>
<arg>'''${durationText}'''.split("hrs")[-1].split("mins")[0].strip()</arg>
<doc>Evaluates the given expression in Python and returns the result.</doc>
<msg timestamp="20240822 13:44:49.732" level="INFO">${minutesText} = 30</msg>
<status status="PASS" starttime="20240822 13:44:49.732" endtime="20240822 13:44:49.733"/>
</kw>
<kw name="Convert To Integer" library="BuiltIn">
<var>${minutes}</var>
<arg>${minutesText}</arg>
<doc>Converts the given item to an integer number.</doc>
<msg timestamp="20240822 13:44:49.733" level="INFO">${minutes} = 30</msg>
<status status="PASS" starttime="20240822 13:44:49.733" endtime="20240822 13:44:49.734"/>
</kw>
<kw name="Evaluate" library="BuiltIn">
<var>${totalDuration}</var>
<arg>(${hours}*60) + ${minutes}</arg>
<doc>Evaluates the given expression in Python and returns the result.</doc>
<msg timestamp="20240822 13:44:49.734" level="INFO">${totalDuration} = 450</msg>
<status status="PASS" starttime="20240822 13:44:49.734" endtime="20240822 13:44:49.734"/>
</kw>
<kw name="Append To List" library="Collections">
<arg>${durationsofPrivate}</arg>
<arg>${totalDuration}</arg>
<doc>Adds ``values`` to the end of ``list``.</doc>
<status status="PASS" starttime="20240822 13:44:49.735" endtime="20240822 13:44:49.735"/>
</kw>
<status status="PASS" starttime="20240822 13:44:49.703" endtime="20240822 13:44:49.736"/>
</iter>
<status status="PASS" starttime="20240822 13:44:49.470" endtime="20240822 13:44:49.736"/>
</for>
<kw name="Log" library="BuiltIn">
<arg>Private Durations: ${durationsofPrivate}</arg>
<doc>Logs the given message with the given level.</doc>
<msg timestamp="20240822 13:44:49.737" level="INFO">Private Durations: [555, 545, 510, 495, 495, 475, 465, 450]</msg>
<status status="PASS" starttime="20240822 13:44:49.736" endtime="20240822 13:44:49.737"/>
</kw>
<msg timestamp="20240822 13:44:49.737" level="INFO">@{durationsofPrivate} = [ 555 | 545 | 510 | 495 | 495 | 475 | 465 | 450 ]</msg>
<status status="PASS" starttime="20240822 13:44:49.423" endtime="20240822 13:44:49.737"/>
</kw>
<kw name="Log" library="BuiltIn">
<arg>:${durationsofPrivate}</arg>
<doc>Logs the given message with the given level.</doc>
<msg timestamp="20240822 13:44:49.739" level="INFO">:[555, 545, 510, 495, 495, 475, 465, 450]</msg>
<status status="PASS" starttime="20240822 13:44:49.738" endtime="20240822 13:44:49.739"/>
</kw>
<kw name="Join Lists Using Combine Lists">
<var>@{secondDurations}</var>
<arg>${durationsofKsrtc}</arg>
<arg>${durationsofPrivate}</arg>
<kw name="Log" library="BuiltIn">
<arg>${durationsofKsrtc}</arg>
<doc>Logs the given message with the given level.</doc>
<msg timestamp="20240822 13:44:49.742" level="INFO">[700, 695, 690, 656, 635, 490]</msg>
<status status="PASS" starttime="20240822 13:44:49.740" endtime="20240822 13:44:49.742"/>
</kw>
<kw name="Log" library="BuiltIn">
<arg>${durationsofPrivate}</arg>
<doc>Logs the given message with the given level.</doc>
<msg timestamp="20240822 13:44:49.743" level="INFO">[555, 545, 510, 495, 495, 475, 465, 450]</msg>
<status status="PASS" starttime="20240822 13:44:49.742" endtime="20240822 13:44:49.743"/>
</kw>
<kw name="Create List" library="BuiltIn">
<var>${AllBusDuration}</var>
<arg>${durationsofKsrtc}</arg>
<arg>${durationsofPrivate}</arg>
<doc>Returns a list containing given items.</doc>
<msg timestamp="20240822 13:44:49.744" level="INFO">${AllBusDuration} = [[700, 695, 690, 656, 635, 490], [555, 545, 510, 495, 495, 475, 465, 450]]</msg>
<status status="PASS" starttime="20240822 13:44:49.743" endtime="20240822 13:44:49.744"/>
</kw>
<kw name="Log" library="BuiltIn">
<arg>${AllBusDuration}</arg>
<doc>Logs the given message with the given level.</doc>
<msg timestamp="20240822 13:44:49.745" level="INFO">[[700, 695, 690, 656, 635, 490], [555, 545, 510, 495, 495, 475, 465, 450]]</msg>
<status status="PASS" starttime="20240822 13:44:49.744" endtime="20240822 13:44:49.745"/>
</kw>
<kw name="Log" library="BuiltIn">
<arg>${AllBusDuration[0]}</arg>
<doc>Logs the given message with the given level.</doc>
<msg timestamp="20240822 13:44:49.747" level="INFO">[700, 695, 690, 656, 635, 490]</msg>
<status status="PASS" starttime="20240822 13:44:49.745" endtime="20240822 13:44:49.747"/>
</kw>
<kw name="Log" library="BuiltIn">
<arg>${AllBusDuration[1]}</arg>
<doc>Logs the given message with the given level.</doc>
<msg timestamp="20240822 13:44:49.750" level="INFO">[555, 545, 510, 495, 495, 475, 465, 450]</msg>
<status status="PASS" starttime="20240822 13:44:49.748" endtime="20240822 13:44:49.750"/>
</kw>
<msg timestamp="20240822 13:44:49.750" level="INFO">@{secondDurations} = [ [700, 695, 690, 656, 635, 490] | [555, 545, 510, 495, 495, 475, 465, 450] ]</msg>
<status status="PASS" starttime="20240822 13:44:49.739" endtime="20240822 13:44:49.750"/>
</kw>
<kw name="Validate Durations Sorted">
<arg>${secondDurations}</arg>
<arg>order=${dscOrder}</arg>
<kw name="Log" library="BuiltIn">
<arg>Durations: ${AllBusDuration}</arg>
<doc>Logs the given message with the given level.</doc>
<msg timestamp="20240822 13:44:49.753" level="INFO">Durations: [[700, 695, 690, 656, 635, 490], [555, 545, 510, 495, 495, 475, 465, 450]]</msg>
<status status="PASS" starttime="20240822 13:44:49.751" endtime="20240822 13:44:49.753"/>
</kw>
<kw name="Copy List" library="Collections">
<var>${sortedDurationsFinal}</var>
<arg>${AllBusDuration}</arg>
<doc>Returns a copy of the given list.</doc>
<msg timestamp="20240822 13:44:49.754" level="INFO">${sortedDurationsFinal} = [[700, 695, 690, 656, 635, 490], [555, 545, 510, 495, 495, 475, 465, 450]]</msg>
<status status="PASS" starttime="20240822 13:44:49.753" endtime="20240822 13:44:49.754"/>
</kw>
<kw name="Sort List" library="Collections">
<arg>${sortedDurationsFinal[0]}</arg>
<doc>Sorts the given list in place.</doc>
<status status="PASS" starttime="20240822 13:44:49.754" endtime="20240822 13:44:49.755"/>
</kw>
<kw name="Log" library="BuiltIn">
<arg>${sortedDurationsFinal[0]}</arg>
<doc>Logs the given message with the given level.</doc>
<msg timestamp="20240822 13:44:49.758" level="INFO">[490, 635, 656, 690, 695, 700]</msg>
<status status="PASS" starttime="20240822 13:44:49.756" endtime="20240822 13:44:49.758"/>
</kw>
<kw name="Sort List" library="Collections">
<arg>${sortedDurationsFinal[1]}</arg>
<doc>Sorts the given list in place.</doc>
<status status="PASS" starttime="20240822 13:44:49.758" endtime="20240822 13:44:49.761"/>
</kw>
<kw name="Log" library="BuiltIn">
<arg>${sortedDurationsFinal[1]}</arg>
<doc>Logs the given message with the given level.</doc>
<msg timestamp="20240822 13:44:49.762" level="INFO">[450, 465, 475, 495, 495, 510, 545, 555]</msg>
<status status="PASS" starttime="20240822 13:44:49.761" endtime="20240822 13:44:49.763"/>
</kw>
<kw name="Log" library="BuiltIn">
<arg>${sortedDurationsFinal}</arg>
<doc>Logs the given message with the given level.</doc>
<msg timestamp="20240822 13:44:49.764" level="INFO">[[490, 635, 656, 690, 695, 700], [450, 465, 475, 495, 495, 510, 545, 555]]</msg>
<status status="PASS" starttime="20240822 13:44:49.763" endtime="20240822 13:44:49.764"/>
</kw>
<kw name="Run Keyword If" library="BuiltIn">
<arg>'${order}' == 'descending'</arg>
<arg>Reverse List</arg>
<arg>${sortedDurationsFinal[0]}</arg>
<doc>Runs the given keyword with the given arguments, if ``condition`` is true.</doc>
<kw name="Reverse List" library="Collections">
<arg>${sortedDurationsFinal[0]}</arg>
<doc>Reverses the given list in place.</doc>
<status status="PASS" starttime="20240822 13:44:49.765" endtime="20240822 13:44:49.766"/>
</kw>
<status status="PASS" starttime="20240822 13:44:49.764" endtime="20240822 13:44:49.766"/>
</kw>
<kw name="Run Keyword If" library="BuiltIn">
<arg>'${order}' == 'descending'</arg>
<arg>Reverse List</arg>
<arg>${sortedDurationsFinal[1]}</arg>
<doc>Runs the given keyword with the given arguments, if ``condition`` is true.</doc>
<kw name="Reverse List" library="Collections">
<arg>${sortedDurationsFinal[1]}</arg>
<doc>Reverses the given list in place.</doc>
<status status="PASS" starttime="20240822 13:44:49.766" endtime="20240822 13:44:49.768"/>
</kw>
<status status="PASS" starttime="20240822 13:44:49.766" endtime="20240822 13:44:49.768"/>
</kw>
<kw name="Should Be Equal" library="BuiltIn">
<arg>${sortedDurationsFinal}</arg>
<arg>${AllBusDuration}</arg>
<doc>Fails if the given objects are unequal.</doc>
<status status="PASS" starttime="20240822 13:44:49.769" endtime="20240822 13:44:49.769"/>
</kw>
<kw name="Log" library="BuiltIn">
<arg>${sortedDurationsFinal[0]}</arg>
<doc>Logs the given message with the given level.</doc>
<msg timestamp="20240822 13:44:49.770" level="INFO">[700, 695, 690, 656, 635, 490]</msg>
<status status="PASS" starttime="20240822 13:44:49.769" endtime="20240822 13:44:49.770"/>
</kw>
<kw name="Log" library="BuiltIn">
<arg>${sortedDurationsFinal[1]}</arg>
<doc>Logs the given message with the given level.</doc>
<msg timestamp="20240822 13:44:49.771" level="INFO">[555, 545, 510, 495, 495, 475, 465, 450]</msg>
<status status="PASS" starttime="20240822 13:44:49.771" endtime="20240822 13:44:49.772"/>
</kw>
<kw name="Log" library="BuiltIn">
<arg>Sorted Durations: ${sortedDurationsFinal}</arg>
<doc>Logs the given message with the given level.</doc>
<msg timestamp="20240822 13:44:49.772" level="INFO">Sorted Durations: [[700, 695, 690, 656, 635, 490], [555, 545, 510, 495, 495, 475, 465, 450]]</msg>
<status status="PASS" starttime="20240822 13:44:49.772" endtime="20240822 13:44:49.773"/>
</kw>
<status status="PASS" starttime="20240822 13:44:49.750" endtime="20240822 13:44:49.773"/>
</kw>
<status status="PASS" starttime="20240822 13:44:47.950" endtime="20240822 13:44:49.773"/>
</kw>
<kw name="Undo" type="TEARDOWN">
<kw name="Click Element" library="SeleniumLibrary">
<arg>toggle_buses</arg>
<doc>Click the element identified by ``locator``.</doc>
<msg timestamp="20240822 13:44:49.774" level="INFO">Clicking element 'toggle_buses'.</msg>
<status status="PASS" starttime="20240822 13:44:49.774" endtime="20240822 13:44:49.885"/>
</kw>
<kw name="Click Element" library="SeleniumLibrary">
<arg>//div[@class="makeFlex hrtlCenter"]//li[contains(text(), 'Relevance')]</arg>
<doc>Click the element identified by ``locator``.</doc>
<msg timestamp="20240822 13:44:49.887" level="INFO">Clicking element '//div[@class="makeFlex hrtlCenter"]//li[contains(text(), 'Relevance')]'.</msg>
<status status="PASS" starttime="20240822 13:44:49.886" endtime="20240822 13:44:50.006"/>
</kw>
<status status="PASS" starttime="20240822 13:44:49.773" endtime="20240822 13:44:50.006"/>
</kw>
<status status="PASS" starttime="20240822 13:44:37.613" endtime="20240822 13:44:50.006"/>
</test>
<kw name="Close Browser" library="SeleniumLibrary" type="TEARDOWN">
<doc>Closes the current browser.</doc>
<status status="PASS" starttime="20240822 13:44:50.009" endtime="20240822 13:44:52.307"/>
</kw>
<status status="PASS" starttime="20240822 13:44:27.685" endtime="20240822 13:44:52.307"/>
</suite>
<statistics>
<total>
<stat pass="1" fail="0" skip="0">All Tests</stat>
</total>
<tag>
</tag>
<suite>
<stat pass="1" fail="0" skip="0" id="s1" name="P4">P4</stat>
</suite>
</statistics>
<errors>
</errors>
</robot>
